<?xml version="1.0" encoding="UTF-8"?>
<coverage generated="1646137821135" clover="3.2.0">
  <project timestamp="1646137821135" name="All files">
    <metrics statements="532" coveredstatements="146" conditionals="111" coveredconditionals="22" methods="74" coveredmethods="16" elements="717" coveredelements="184" complexity="0" loc="532" ncloc="532" packages="1" files="3" classes="3"/>
    <file name="global.ts" path="/Users/works/raise/anets/src/global.ts">
      <metrics statements="47" coveredstatements="47" conditionals="10" coveredconditionals="10" methods="5" coveredmethods="5"/>
      <line num="2" count="1" type="cond" truecount="2" falsecount="0"/>
      <line num="3" count="1" type="stmt"/>
      <line num="4" count="1" type="stmt"/>
      <line num="5" count="1" type="stmt"/>
      <line num="6" count="1" type="stmt"/>
      <line num="7" count="1" type="stmt"/>
      <line num="8" count="1" type="stmt"/>
      <line num="9" count="1" type="stmt"/>
      <line num="10" count="1" type="stmt"/>
      <line num="11" count="1" type="stmt"/>
      <line num="12" count="1" type="stmt"/>
      <line num="13" count="1" type="stmt"/>
      <line num="14" count="1" type="stmt"/>
      <line num="15" count="1" type="stmt"/>
      <line num="18" count="1" type="cond" truecount="2" falsecount="0"/>
      <line num="19" count="1" type="stmt"/>
      <line num="20" count="1" type="stmt"/>
      <line num="21" count="1" type="stmt"/>
      <line num="22" count="1" type="stmt"/>
      <line num="23" count="1" type="stmt"/>
      <line num="24" count="1" type="stmt"/>
      <line num="25" count="1" type="stmt"/>
      <line num="26" count="1" type="stmt"/>
      <line num="27" count="1" type="stmt"/>
      <line num="28" count="1" type="stmt"/>
      <line num="29" count="1" type="stmt"/>
      <line num="30" count="1" type="stmt"/>
      <line num="31" count="1" type="stmt"/>
      <line num="32" count="1" type="stmt"/>
      <line num="33" count="1" type="stmt"/>
      <line num="34" count="1" type="stmt"/>
      <line num="35" count="1" type="stmt"/>
      <line num="38" count="1" type="cond" truecount="2" falsecount="0"/>
      <line num="39" count="1" type="stmt"/>
      <line num="40" count="1" type="stmt"/>
      <line num="41" count="1" type="stmt"/>
      <line num="44" count="1" type="cond" truecount="2" falsecount="0"/>
      <line num="45" count="1" type="stmt"/>
      <line num="46" count="1" type="stmt"/>
      <line num="47" count="1" type="stmt"/>
      <line num="48" count="1" type="stmt"/>
      <line num="51" count="1" type="cond" truecount="2" falsecount="0"/>
      <line num="52" count="1" type="stmt"/>
      <line num="53" count="1" type="stmt"/>
      <line num="56" count="1" type="stmt"/>
      <line num="58" count="1" type="stmt"/>
      <line num="59" count="1" type="stmt"/>
    </file>
    <file name="index.ts" path="/Users/works/raise/anets/src/index.ts">
      <metrics statements="431" coveredstatements="58" conditionals="75" coveredconditionals="0" methods="53" coveredmethods="1"/>
      <line num="1" count="1" type="stmt"/>
      <line num="2" count="1" type="stmt"/>
      <line num="13" count="1" type="stmt"/>
      <line num="31" count="1" type="stmt"/>
      <line num="33" count="1" type="stmt"/>
      <line num="40" count="1" type="stmt"/>
      <line num="42" count="0" type="stmt"/>
      <line num="44" count="0" type="stmt"/>
      <line num="46" count="0" type="stmt"/>
      <line num="48" count="1" type="stmt"/>
      <line num="50" count="1" type="stmt"/>
      <line num="53" count="0" type="stmt"/>
      <line num="54" count="0" type="stmt"/>
      <line num="56" count="0" type="cond" truecount="0" falsecount="1"/>
      <line num="57" count="0" type="stmt"/>
      <line num="58" count="0" type="stmt"/>
      <line num="61" count="0" type="stmt"/>
      <line num="63" count="0" type="stmt"/>
      <line num="64" count="0" type="stmt"/>
      <line num="66" count="0" type="stmt"/>
      <line num="67" count="0" type="stmt"/>
      <line num="71" count="1" type="stmt"/>
      <line num="72" count="0" type="stmt"/>
      <line num="75" count="1" type="stmt"/>
      <line num="76" count="0" type="stmt"/>
      <line num="78" count="0" type="stmt"/>
      <line num="83" count="0" type="stmt"/>
      <line num="85" count="0" type="stmt"/>
      <line num="87" count="0" type="stmt"/>
      <line num="89" count="0" type="cond" truecount="0" falsecount="4"/>
      <line num="91" count="0" type="stmt"/>
      <line num="101" count="1" type="stmt"/>
      <line num="102" count="0" type="cond" truecount="0" falsecount="4"/>
      <line num="103" count="0" type="stmt"/>
      <line num="105" count="0" type="stmt"/>
      <line num="106" count="0" type="cond" truecount="0" falsecount="1"/>
      <line num="107" count="0" type="stmt"/>
      <line num="109" count="0" type="stmt"/>
      <line num="120" count="1" type="cond" truecount="0" falsecount="1"/>
      <line num="121" count="0" type="cond" truecount="0" falsecount="1"/>
      <line num="122" count="0" type="cond" truecount="0" falsecount="4"/>
      <line num="123" count="0" type="stmt"/>
      <line num="126" count="0" type="stmt"/>
      <line num="127" count="0" type="stmt"/>
      <line num="128" count="0" type="stmt"/>
      <line num="140" count="1" type="stmt"/>
      <line num="141" count="0" type="stmt"/>
      <line num="142" count="0" type="stmt"/>
      <line num="143" count="0" type="stmt"/>
      <line num="144" count="0" type="stmt"/>
      <line num="156" count="1" type="stmt"/>
      <line num="157" count="0" type="stmt"/>
      <line num="158" count="0" type="stmt"/>
      <line num="159" count="0" type="stmt"/>
      <line num="160" count="0" type="stmt"/>
      <line num="171" count="1" type="stmt"/>
      <line num="172" count="0" type="stmt"/>
      <line num="173" count="0" type="stmt"/>
      <line num="174" count="0" type="cond" truecount="0" falsecount="3"/>
      <line num="176" count="0" type="stmt"/>
      <line num="177" count="0" type="stmt"/>
      <line num="178" count="0" type="stmt"/>
      <line num="180" count="0" type="stmt"/>
      <line num="181" count="0" type="stmt"/>
      <line num="182" count="0" type="stmt"/>
      <line num="184" count="0" type="stmt"/>
      <line num="185" count="0" type="stmt"/>
      <line num="197" count="1" type="stmt"/>
      <line num="198" count="0" type="cond" truecount="0" falsecount="1"/>
      <line num="199" count="0" type="stmt"/>
      <line num="200" count="0" type="cond" truecount="0" falsecount="2"/>
      <line num="202" count="0" type="stmt"/>
      <line num="203" count="0" type="stmt"/>
      <line num="215" count="1" type="stmt"/>
      <line num="216" count="0" type="cond" truecount="0" falsecount="8"/>
      <line num="217" count="0" type="stmt"/>
      <line num="227" count="1" type="stmt"/>
      <line num="228" count="0" type="cond" truecount="0" falsecount="1"/>
      <line num="229" count="0" type="stmt"/>
      <line num="236" count="0" type="stmt"/>
      <line num="237" count="0" type="stmt"/>
      <line num="247" count="1" type="stmt"/>
      <line num="248" count="0" type="cond" truecount="0" falsecount="1"/>
      <line num="249" count="0" type="stmt"/>
      <line num="250" count="0" type="stmt"/>
      <line num="252" count="0" type="stmt"/>
      <line num="253" count="0" type="cond" truecount="0" falsecount="4"/>
      <line num="255" count="0" type="stmt"/>
      <line num="265" count="1" type="stmt"/>
      <line num="270" count="0" type="stmt"/>
      <line num="271" count="0" type="cond" truecount="0" falsecount="1"/>
      <line num="273" count="0" type="stmt"/>
      <line num="274" count="0" type="stmt"/>
      <line num="276" count="0" type="stmt"/>
      <line num="277" count="0" type="stmt"/>
      <line num="278" count="0" type="stmt"/>
      <line num="280" count="0" type="cond" truecount="0" falsecount="1"/>
      <line num="282" count="0" type="stmt"/>
      <line num="296" count="1" type="stmt"/>
      <line num="297" count="0" type="stmt"/>
      <line num="298" count="0" type="stmt"/>
      <line num="299" count="0" type="stmt"/>
      <line num="302" count="1" type="stmt"/>
      <line num="303" count="0" type="cond" truecount="0" falsecount="1"/>
      <line num="304" count="0" type="stmt"/>
      <line num="305" count="0" type="stmt"/>
      <line num="307" count="0" type="stmt"/>
      <line num="310" count="0" type="cond" truecount="0" falsecount="2"/>
      <line num="311" count="0" type="cond" truecount="0" falsecount="3"/>
      <line num="312" count="0" type="stmt"/>
      <line num="313" count="0" type="stmt"/>
      <line num="316" count="0" type="stmt"/>
      <line num="317" count="0" type="stmt"/>
      <line num="319" count="0" type="stmt"/>
      <line num="320" count="0" type="stmt"/>
      <line num="321" count="0" type="stmt"/>
      <line num="322" count="0" type="stmt"/>
      <line num="324" count="0" type="stmt"/>
      <line num="325" count="0" type="stmt"/>
      <line num="331" count="1" type="stmt"/>
      <line num="332" count="0" type="stmt"/>
      <line num="347" count="0" type="stmt"/>
      <line num="348" count="0" type="stmt"/>
      <line num="349" count="0" type="stmt"/>
      <line num="350" count="0" type="cond" truecount="0" falsecount="4"/>
      <line num="360" count="1" type="stmt"/>
      <line num="361" count="0" type="stmt"/>
      <line num="362" count="0" type="stmt"/>
      <line num="369" count="0" type="stmt"/>
      <line num="370" count="0" type="stmt"/>
      <line num="381" count="0" type="stmt"/>
      <line num="382" count="0" type="stmt"/>
      <line num="385" count="1" type="stmt"/>
      <line num="386" count="0" type="stmt"/>
      <line num="387" count="0" type="stmt"/>
      <line num="388" count="0" type="stmt"/>
      <line num="390" count="0" type="stmt"/>
      <line num="392" count="0" type="stmt"/>
      <line num="393" count="0" type="stmt"/>
      <line num="401" count="1" type="stmt"/>
      <line num="402" count="0" type="stmt"/>
      <line num="403" count="0" type="stmt"/>
      <line num="404" count="0" type="stmt"/>
      <line num="405" count="0" type="stmt"/>
      <line num="406" count="0" type="stmt"/>
      <line num="413" count="0" type="stmt"/>
      <line num="422" count="0" type="stmt"/>
      <line num="426" count="0" type="cond" truecount="0" falsecount="1"/>
      <line num="427" count="0" type="cond" truecount="0" falsecount="2"/>
      <line num="430" count="0" type="stmt"/>
      <line num="431" count="0" type="stmt"/>
      <line num="434" count="1" type="stmt"/>
      <line num="435" count="0" type="stmt"/>
      <line num="436" count="0" type="stmt"/>
      <line num="437" count="0" type="stmt"/>
      <line num="439" count="0" type="stmt"/>
      <line num="440" count="0" type="stmt"/>
      <line num="441" count="0" type="stmt"/>
      <line num="442" count="0" type="stmt"/>
      <line num="450" count="1" type="stmt"/>
      <line num="451" count="0" type="stmt"/>
      <line num="452" count="0" type="stmt"/>
      <line num="457" count="0" type="stmt"/>
      <line num="468" count="0" type="stmt"/>
      <line num="469" count="0" type="stmt"/>
      <line num="477" count="1" type="stmt"/>
      <line num="478" count="0" type="stmt"/>
      <line num="479" count="0" type="stmt"/>
      <line num="483" count="0" type="stmt"/>
      <line num="494" count="0" type="stmt"/>
      <line num="495" count="0" type="stmt"/>
      <line num="498" count="1" type="stmt"/>
      <line num="499" count="0" type="stmt"/>
      <line num="500" count="0" type="stmt"/>
      <line num="504" count="0" type="stmt"/>
      <line num="506" count="0" type="stmt"/>
      <line num="507" count="0" type="stmt"/>
      <line num="509" count="0" type="stmt"/>
      <line num="510" count="0" type="stmt"/>
      <line num="512" count="0" type="stmt"/>
      <line num="513" count="0" type="stmt"/>
      <line num="514" count="0" type="stmt"/>
      <line num="516" count="0" type="stmt"/>
      <line num="517" count="0" type="stmt"/>
      <line num="518" count="0" type="stmt"/>
      <line num="520" count="0" type="stmt"/>
      <line num="521" count="0" type="stmt"/>
      <line num="524" count="0" type="stmt"/>
      <line num="525" count="0" type="stmt"/>
      <line num="527" count="0" type="stmt"/>
      <line num="534" count="0" type="stmt"/>
      <line num="542" count="1" type="stmt"/>
      <line num="545" count="0" type="stmt"/>
      <line num="546" count="0" type="stmt"/>
      <line num="547" count="0" type="stmt"/>
      <line num="549" count="0" type="stmt"/>
      <line num="551" count="0" type="stmt"/>
      <line num="552" count="0" type="stmt"/>
      <line num="553" count="0" type="stmt"/>
      <line num="554" count="0" type="stmt"/>
      <line num="559" count="0" type="stmt"/>
      <line num="571" count="1" type="stmt"/>
      <line num="572" count="0" type="stmt"/>
      <line num="573" count="0" type="stmt"/>
      <line num="574" count="0" type="stmt"/>
      <line num="580" count="0" type="stmt"/>
      <line num="582" count="0" type="stmt"/>
      <line num="589" count="0" type="stmt"/>
      <line num="591" count="0" type="stmt"/>
      <line num="594" count="1" type="stmt"/>
      <line num="595" count="0" type="stmt"/>
      <line num="597" count="0" type="stmt"/>
      <line num="598" count="0" type="stmt"/>
      <line num="599" count="0" type="stmt"/>
      <line num="600" count="0" type="stmt"/>
      <line num="602" count="0" type="stmt"/>
      <line num="603" count="0" type="stmt"/>
      <line num="605" count="0" type="stmt"/>
      <line num="606" count="0" type="stmt"/>
      <line num="607" count="0" type="stmt"/>
      <line num="608" count="0" type="stmt"/>
      <line num="610" count="0" type="stmt"/>
      <line num="611" count="0" type="stmt"/>
      <line num="612" count="0" type="stmt"/>
      <line num="613" count="0" type="stmt"/>
      <line num="614" count="0" type="stmt"/>
      <line num="618" count="0" type="stmt"/>
      <line num="619" count="0" type="stmt"/>
      <line num="620" count="0" type="stmt"/>
      <line num="621" count="0" type="stmt"/>
      <line num="625" count="0" type="stmt"/>
      <line num="628" count="1" type="stmt"/>
      <line num="629" count="0" type="stmt"/>
      <line num="630" count="0" type="stmt"/>
      <line num="631" count="0" type="stmt"/>
      <line num="633" count="0" type="stmt"/>
      <line num="634" count="0" type="stmt"/>
      <line num="635" count="0" type="stmt"/>
      <line num="638" count="0" type="stmt"/>
      <line num="639" count="0" type="stmt"/>
      <line num="640" count="0" type="stmt"/>
      <line num="642" count="0" type="stmt"/>
      <line num="655" count="1" type="stmt"/>
      <line num="656" count="0" type="stmt"/>
      <line num="657" count="0" type="stmt"/>
      <line num="658" count="0" type="stmt"/>
      <line num="663" count="0" type="cond" truecount="0" falsecount="2"/>
      <line num="665" count="0" type="stmt"/>
      <line num="673" count="0" type="stmt"/>
      <line num="675" count="0" type="stmt"/>
      <line num="678" count="1" type="stmt"/>
      <line num="679" count="0" type="stmt"/>
      <line num="683" count="0" type="stmt"/>
      <line num="684" count="0" type="stmt"/>
      <line num="686" count="0" type="stmt"/>
      <line num="688" count="0" type="stmt"/>
      <line num="689" count="0" type="stmt"/>
      <line num="690" count="0" type="stmt"/>
      <line num="691" count="0" type="stmt"/>
      <line num="693" count="0" type="stmt"/>
      <line num="696" count="1" type="stmt"/>
      <line num="697" count="0" type="stmt"/>
      <line num="698" count="0" type="stmt"/>
      <line num="699" count="0" type="stmt"/>
      <line num="700" count="0" type="stmt"/>
      <line num="708" count="1" type="stmt"/>
      <line num="709" count="0" type="stmt"/>
      <line num="710" count="0" type="stmt"/>
      <line num="717" count="0" type="stmt"/>
      <line num="726" count="0" type="stmt"/>
      <line num="728" count="0" type="stmt"/>
      <line num="731" count="1" type="stmt"/>
      <line num="732" count="0" type="stmt"/>
      <line num="735" count="0" type="stmt"/>
      <line num="736" count="0" type="stmt"/>
      <line num="738" count="0" type="stmt"/>
      <line num="741" count="1" type="stmt"/>
      <line num="742" count="0" type="stmt"/>
      <line num="743" count="0" type="stmt"/>
      <line num="744" count="0" type="stmt"/>
      <line num="746" count="0" type="stmt"/>
      <line num="747" count="0" type="stmt"/>
      <line num="748" count="0" type="stmt"/>
      <line num="750" count="0" type="stmt"/>
      <line num="753" count="0" type="stmt"/>
      <line num="754" count="0" type="stmt"/>
      <line num="762" count="1" type="stmt"/>
      <line num="763" count="0" type="stmt"/>
      <line num="764" count="0" type="stmt"/>
      <line num="765" count="0" type="stmt"/>
      <line num="770" count="0" type="stmt"/>
      <line num="773" count="0" type="stmt"/>
      <line num="781" count="0" type="stmt"/>
      <line num="783" count="0" type="stmt"/>
      <line num="786" count="1" type="stmt"/>
      <line num="787" count="0" type="stmt"/>
      <line num="788" count="0" type="stmt"/>
      <line num="790" count="0" type="stmt"/>
      <line num="791" count="0" type="stmt"/>
      <line num="792" count="0" type="stmt"/>
      <line num="793" count="0" type="stmt"/>
      <line num="794" count="0" type="stmt"/>
      <line num="795" count="0" type="stmt"/>
      <line num="796" count="0" type="stmt"/>
      <line num="797" count="0" type="stmt"/>
      <line num="798" count="0" type="stmt"/>
      <line num="799" count="0" type="stmt"/>
      <line num="800" count="0" type="stmt"/>
      <line num="801" count="0" type="stmt"/>
      <line num="802" count="0" type="stmt"/>
      <line num="805" count="1" type="stmt"/>
      <line num="806" count="0" type="stmt"/>
      <line num="807" count="0" type="stmt"/>
      <line num="808" count="0" type="stmt"/>
      <line num="816" count="1" type="stmt"/>
      <line num="817" count="0" type="stmt"/>
      <line num="818" count="0" type="stmt"/>
      <line num="819" count="0" type="stmt"/>
      <line num="820" count="0" type="stmt"/>
      <line num="828" count="0" type="stmt"/>
      <line num="837" count="0" type="stmt"/>
      <line num="839" count="0" type="stmt"/>
      <line num="842" count="1" type="stmt"/>
      <line num="843" count="0" type="stmt"/>
      <line num="844" count="0" type="stmt"/>
      <line num="845" count="0" type="stmt"/>
      <line num="846" count="0" type="stmt"/>
      <line num="847" count="0" type="stmt"/>
      <line num="848" count="0" type="stmt"/>
      <line num="849" count="0" type="stmt"/>
      <line num="850" count="0" type="stmt"/>
      <line num="851" count="0" type="stmt"/>
      <line num="852" count="0" type="stmt"/>
      <line num="853" count="0" type="stmt"/>
      <line num="854" count="0" type="stmt"/>
      <line num="855" count="0" type="stmt"/>
      <line num="856" count="0" type="stmt"/>
      <line num="857" count="0" type="stmt"/>
      <line num="859" count="0" type="stmt"/>
      <line num="860" count="0" type="stmt"/>
      <line num="861" count="0" type="stmt"/>
      <line num="864" count="1" type="stmt"/>
      <line num="865" count="0" type="stmt"/>
      <line num="866" count="0" type="stmt"/>
      <line num="867" count="0" type="stmt"/>
      <line num="875" count="1" type="stmt"/>
      <line num="876" count="0" type="stmt"/>
      <line num="877" count="0" type="stmt"/>
      <line num="885" count="0" type="stmt"/>
      <line num="887" count="0" type="stmt"/>
      <line num="890" count="1" type="stmt"/>
      <line num="891" count="0" type="stmt"/>
      <line num="892" count="0" type="stmt"/>
      <line num="893" count="0" type="stmt"/>
      <line num="895" count="0" type="stmt"/>
      <line num="896" count="0" type="stmt"/>
      <line num="897" count="0" type="stmt"/>
      <line num="898" count="0" type="stmt"/>
      <line num="899" count="0" type="stmt"/>
      <line num="902" count="1" type="stmt"/>
      <line num="903" count="0" type="stmt"/>
      <line num="904" count="0" type="stmt"/>
      <line num="905" count="0" type="stmt"/>
      <line num="912" count="0" type="stmt"/>
      <line num="918" count="0" type="stmt"/>
      <line num="926" count="1" type="stmt"/>
      <line num="927" count="0" type="stmt"/>
      <line num="928" count="0" type="stmt"/>
      <line num="929" count="0" type="stmt"/>
      <line num="937" count="0" type="stmt"/>
      <line num="938" count="0" type="stmt"/>
      <line num="939" count="0" type="stmt"/>
      <line num="940" count="0" type="stmt"/>
      <line num="943" count="1" type="stmt"/>
      <line num="944" count="0" type="stmt"/>
      <line num="945" count="0" type="stmt"/>
      <line num="946" count="0" type="stmt"/>
      <line num="948" count="0" type="stmt"/>
      <line num="949" count="0" type="stmt"/>
      <line num="950" count="0" type="stmt"/>
      <line num="951" count="0" type="stmt"/>
      <line num="952" count="0" type="stmt"/>
      <line num="953" count="0" type="stmt"/>
      <line num="961" count="1" type="stmt"/>
      <line num="962" count="0" type="stmt"/>
      <line num="964" count="0" type="stmt"/>
      <line num="972" count="0" type="stmt"/>
      <line num="973" count="0" type="stmt"/>
      <line num="974" count="0" type="stmt"/>
      <line num="975" count="0" type="stmt"/>
      <line num="978" count="1" type="stmt"/>
      <line num="979" count="0" type="stmt"/>
      <line num="980" count="0" type="stmt"/>
      <line num="982" count="0" type="stmt"/>
      <line num="983" count="0" type="stmt"/>
      <line num="984" count="0" type="stmt"/>
      <line num="985" count="0" type="stmt"/>
      <line num="986" count="0" type="stmt"/>
      <line num="987" count="0" type="stmt"/>
      <line num="988" count="0" type="stmt"/>
      <line num="989" count="0" type="stmt"/>
      <line num="990" count="0" type="stmt"/>
      <line num="998" count="1" type="stmt"/>
      <line num="999" count="0" type="stmt"/>
      <line num="1001" count="0" type="stmt"/>
      <line num="1009" count="0" type="stmt"/>
      <line num="1011" count="0" type="stmt"/>
      <line num="1014" count="1" type="stmt"/>
      <line num="1015" count="0" type="stmt"/>
      <line num="1016" count="0" type="stmt"/>
      <line num="1018" count="0" type="stmt"/>
      <line num="1020" count="0" type="stmt"/>
      <line num="1021" count="0" type="stmt"/>
      <line num="1023" count="0" type="stmt"/>
      <line num="1024" count="0" type="stmt"/>
      <line num="1025" count="0" type="stmt"/>
      <line num="1026" count="0" type="stmt"/>
      <line num="1029" count="1" type="stmt"/>
      <line num="1030" count="0" type="stmt"/>
      <line num="1031" count="0" type="stmt"/>
      <line num="1032" count="0" type="stmt"/>
      <line num="1033" count="0" type="stmt"/>
      <line num="1037" count="0" type="cond" truecount="0" falsecount="4"/>
      <line num="1038" count="0" type="stmt"/>
      <line num="1039" count="0" type="cond" truecount="0" falsecount="4"/>
      <line num="1040" count="0" type="stmt"/>
      <line num="1041" count="0" type="stmt"/>
      <line num="1042" count="0" type="stmt"/>
      <line num="1043" count="0" type="stmt"/>
      <line num="1045" count="1" type="stmt"/>
      <line num="1047" count="1" type="stmt"/>
    </file>
    <file name="util.ts" path="/Users/works/raise/anets/src/util.ts">
      <metrics statements="54" coveredstatements="41" conditionals="26" coveredconditionals="12" methods="16" coveredmethods="10"/>
      <line num="1" count="1" type="stmt"/>
      <line num="2" count="1" type="stmt"/>
      <line num="4" count="4" type="stmt"/>
      <line num="12" count="6" type="stmt"/>
      <line num="13" count="6" type="cond" truecount="1" falsecount="0"/>
      <line num="14" count="4" type="stmt"/>
      <line num="17" count="2" type="stmt"/>
      <line num="30" count="0" type="cond" truecount="0" falsecount="2"/>
      <line num="32" count="0" type="stmt"/>
      <line num="35" count="0" type="stmt"/>
      <line num="45" count="0" type="cond" truecount="0" falsecount="2"/>
      <line num="47" count="0" type="stmt"/>
      <line num="49" count="0" type="stmt"/>
      <line num="56" count="0" type="stmt"/>
      <line num="57" count="0" type="stmt"/>
      <line num="58" count="0" type="stmt"/>
      <line num="59" count="0" type="stmt"/>
      <line num="67" count="1" type="stmt"/>
      <line num="68" count="1" type="cond" truecount="3" falsecount="1"/>
      <line num="76" count="0" type="stmt"/>
      <line num="77" count="0" type="stmt"/>
      <line num="79" count="0" type="cond" truecount="0" falsecount="8"/>
      <line num="83" count="8" type="cond" truecount="8" falsecount="0"/>
      <line num="87" count="4" type="stmt"/>
      <line num="97" count="1" type="stmt"/>
      <line num="98" count="1" type="stmt"/>
      <line num="99" count="1" type="stmt"/>
      <line num="109" count="1" type="stmt"/>
      <line num="110" count="1" type="stmt"/>
      <line num="111" count="1" type="stmt"/>
      <line num="112" count="1" type="stmt"/>
      <line num="122" count="1" type="stmt"/>
      <line num="123" count="1" type="stmt"/>
      <line num="133" count="1" type="stmt"/>
      <line num="134" count="1" type="stmt"/>
      <line num="142" count="1" type="cond" truecount="0" falsecount="1"/>
      <line num="143" count="256" type="stmt"/>
      <line num="144" count="1" type="stmt"/>
      <line num="145" count="255" type="stmt"/>
      <line num="146" count="255" type="stmt"/>
      <line num="147" count="255" type="stmt"/>
      <line num="148" count="255" type="stmt"/>
      <line num="151" count="1" type="stmt"/>
      <line num="155" count="1" type="stmt"/>
      <line num="156" count="1" type="stmt"/>
      <line num="157" count="1" type="stmt"/>
      <line num="158" count="1" type="stmt"/>
      <line num="159" count="1" type="stmt"/>
      <line num="160" count="1" type="stmt"/>
      <line num="161" count="1" type="stmt"/>
      <line num="162" count="1" type="stmt"/>
      <line num="163" count="1" type="stmt"/>
      <line num="164" count="1" type="stmt"/>
      <line num="165" count="1" type="stmt"/>
    </file>
  </project>
</coverage>
