{"/Users/works/raise/anets/src/global.ts": {"path":"/Users/works/raise/anets/src/global.ts","statementMap":{"0":{"start":{"line":2,"column":0},"end":{"line":2,"column":null}},"1":{"start":{"line":3,"column":13},"end":{"line":3,"column":null}},"2":{"start":{"line":4,"column":13},"end":{"line":4,"column":null}},"3":{"start":{"line":5,"column":13},"end":{"line":5,"column":null}},"4":{"start":{"line":6,"column":14},"end":{"line":6,"column":null}},"5":{"start":{"line":7,"column":13},"end":{"line":7,"column":null}},"6":{"start":{"line":8,"column":15},"end":{"line":8,"column":null}},"7":{"start":{"line":9,"column":14},"end":{"line":9,"column":null}},"8":{"start":{"line":10,"column":13},"end":{"line":10,"column":null}},"9":{"start":{"line":11,"column":13},"end":{"line":11,"column":null}},"10":{"start":{"line":12,"column":13},"end":{"line":12,"column":null}},"11":{"start":{"line":13,"column":15},"end":{"line":13,"column":null}},"12":{"start":{"line":14,"column":13},"end":{"line":14,"column":null}},"13":{"start":{"line":15,"column":15},"end":{"line":15,"column":null}},"14":{"start":{"line":18,"column":0},"end":{"line":18,"column":null}},"15":{"start":{"line":19,"column":2},"end":{"line":19,"column":null}},"16":{"start":{"line":20,"column":2},"end":{"line":20,"column":null}},"17":{"start":{"line":21,"column":2},"end":{"line":21,"column":null}},"18":{"start":{"line":22,"column":2},"end":{"line":22,"column":null}},"19":{"start":{"line":23,"column":2},"end":{"line":23,"column":null}},"20":{"start":{"line":24,"column":2},"end":{"line":24,"column":null}},"21":{"start":{"line":25,"column":2},"end":{"line":25,"column":null}},"22":{"start":{"line":26,"column":2},"end":{"line":26,"column":null}},"23":{"start":{"line":27,"column":2},"end":{"line":27,"column":null}},"24":{"start":{"line":28,"column":2},"end":{"line":28,"column":null}},"25":{"start":{"line":29,"column":2},"end":{"line":29,"column":null}},"26":{"start":{"line":30,"column":2},"end":{"line":30,"column":null}},"27":{"start":{"line":31,"column":2},"end":{"line":31,"column":null}},"28":{"start":{"line":32,"column":2},"end":{"line":32,"column":null}},"29":{"start":{"line":33,"column":2},"end":{"line":33,"column":null}},"30":{"start":{"line":34,"column":2},"end":{"line":34,"column":null}},"31":{"start":{"line":35,"column":2},"end":{"line":35,"column":null}},"32":{"start":{"line":38,"column":0},"end":{"line":38,"column":null}},"33":{"start":{"line":39,"column":2},"end":{"line":39,"column":null}},"34":{"start":{"line":40,"column":2},"end":{"line":40,"column":null}},"35":{"start":{"line":41,"column":2},"end":{"line":41,"column":null}},"36":{"start":{"line":44,"column":0},"end":{"line":44,"column":null}},"37":{"start":{"line":45,"column":2},"end":{"line":45,"column":null}},"38":{"start":{"line":46,"column":2},"end":{"line":46,"column":null}},"39":{"start":{"line":47,"column":2},"end":{"line":47,"column":null}},"40":{"start":{"line":48,"column":2},"end":{"line":48,"column":null}},"41":{"start":{"line":51,"column":0},"end":{"line":51,"column":null}},"42":{"start":{"line":52,"column":2},"end":{"line":52,"column":null}},"43":{"start":{"line":53,"column":2},"end":{"line":53,"column":null}},"44":{"start":{"line":56,"column":13},"end":{"line":56,"column":48}},"45":{"start":{"line":58,"column":13},"end":{"line":58,"column":43}},"46":{"start":{"line":59,"column":13},"end":{"line":59,"column":37}}},"fnMap":{"0":{"name":"(anonymous_0)","decl":{"start":{"line":2,"column":0},"end":{"line":2,"column":12}},"loc":{"start":{"line":2,"column":17},"end":{"line":16,"column":1}}},"1":{"name":"(anonymous_1)","decl":{"start":{"line":18,"column":0},"end":{"line":18,"column":12}},"loc":{"start":{"line":18,"column":15},"end":{"line":36,"column":1}}},"2":{"name":"(anonymous_2)","decl":{"start":{"line":38,"column":0},"end":{"line":38,"column":12}},"loc":{"start":{"line":38,"column":19},"end":{"line":42,"column":1}}},"3":{"name":"(anonymous_3)","decl":{"start":{"line":44,"column":0},"end":{"line":44,"column":12}},"loc":{"start":{"line":44,"column":17},"end":{"line":49,"column":1}}},"4":{"name":"(anonymous_4)","decl":{"start":{"line":51,"column":0},"end":{"line":51,"column":12}},"loc":{"start":{"line":51,"column":21},"end":{"line":54,"column":1}}}},"branchMap":{"0":{"loc":{"start":{"line":2,"column":12},"end":{"line":2,"column":null}},"type":"binary-expr","locations":[{"start":{"line":2,"column":12},"end":{"line":2,"column":17}},{"start":{"line":2,"column":12},"end":{"line":2,"column":null}}]},"1":{"loc":{"start":{"line":18,"column":12},"end":{"line":18,"column":null}},"type":"binary-expr","locations":[{"start":{"line":18,"column":12},"end":{"line":18,"column":15}},{"start":{"line":18,"column":12},"end":{"line":18,"column":null}}]},"2":{"loc":{"start":{"line":38,"column":12},"end":{"line":38,"column":null}},"type":"binary-expr","locations":[{"start":{"line":38,"column":12},"end":{"line":38,"column":19}},{"start":{"line":38,"column":12},"end":{"line":38,"column":null}}]},"3":{"loc":{"start":{"line":44,"column":12},"end":{"line":44,"column":null}},"type":"binary-expr","locations":[{"start":{"line":44,"column":12},"end":{"line":44,"column":17}},{"start":{"line":44,"column":12},"end":{"line":44,"column":null}}]},"4":{"loc":{"start":{"line":51,"column":12},"end":{"line":51,"column":null}},"type":"binary-expr","locations":[{"start":{"line":51,"column":12},"end":{"line":51,"column":21}},{"start":{"line":51,"column":12},"end":{"line":51,"column":null}}]}},"s":{"0":1,"1":1,"2":1,"3":1,"4":1,"5":1,"6":1,"7":1,"8":1,"9":1,"10":1,"11":1,"12":1,"13":1,"14":1,"15":1,"16":1,"17":1,"18":1,"19":1,"20":1,"21":1,"22":1,"23":1,"24":1,"25":1,"26":1,"27":1,"28":1,"29":1,"30":1,"31":1,"32":1,"33":1,"34":1,"35":1,"36":1,"37":1,"38":1,"39":1,"40":1,"41":1,"42":1,"43":1,"44":1,"45":1,"46":1},"f":{"0":1,"1":1,"2":1,"3":1,"4":1},"b":{"0":[1,1],"1":[1,1],"2":[1,1],"3":[1,1],"4":[1,1]}}
,"/Users/works/raise/anets/src/index.ts": {"path":"/Users/works/raise/anets/src/index.ts","statementMap":{"0":{"start":{"line":1,"column":0},"end":{"line":1,"column":38}},"1":{"start":{"line":2,"column":0},"end":{"line":2,"column":null}},"2":{"start":{"line":13,"column":0},"end":{"line":13,"column":null}},"3":{"start":{"line":31,"column":0},"end":{"line":31,"column":42}},"4":{"start":{"line":33,"column":0},"end":{"line":33,"column":null}},"5":{"start":{"line":42,"column":10},"end":{"line":42,"column":48}},"6":{"start":{"line":44,"column":10},"end":{"line":44,"column":51}},"7":{"start":{"line":46,"column":10},"end":{"line":46,"column":48}},"8":{"start":{"line":53,"column":21},"end":{"line":53,"column":47}},"9":{"start":{"line":54,"column":4},"end":{"line":54,"column":30}},"10":{"start":{"line":56,"column":4},"end":{"line":59,"column":null}},"11":{"start":{"line":57,"column":6},"end":{"line":57,"column":44}},"12":{"start":{"line":58,"column":6},"end":{"line":58,"column":13}},"13":{"start":{"line":61,"column":4},"end":{"line":61,"column":25}},"14":{"start":{"line":63,"column":4},"end":{"line":68,"column":null}},"15":{"start":{"line":64,"column":6},"end":{"line":64,"column":19}},"16":{"start":{"line":66,"column":6},"end":{"line":66,"column":37}},"17":{"start":{"line":67,"column":6},"end":{"line":67,"column":42}},"18":{"start":{"line":71,"column":9},"end":{"line":73,"column":null}},"19":{"start":{"line":72,"column":4},"end":{"line":72,"column":40}},"20":{"start":{"line":75,"column":16},"end":{"line":92,"column":null}},"21":{"start":{"line":76,"column":10},"end":{"line":76,"column":39}},"22":{"start":{"line":78,"column":4},"end":{"line":81,"column":7}},"23":{"start":{"line":83,"column":4},"end":{"line":83,"column":21}},"24":{"start":{"line":85,"column":4},"end":{"line":85,"column":27}},"25":{"start":{"line":87,"column":4},"end":{"line":87,"column":52}},"26":{"start":{"line":89,"column":4},"end":{"line":89,"column":9}},"27":{"start":{"line":89,"column":19},"end":{"line":89,"column":32}},"28":{"start":{"line":89,"column":28},"end":{"line":89,"column":32}},"29":{"start":{"line":89,"column":33},"end":{"line":89,"column":60}},"30":{"start":{"line":89,"column":32},"end":{"line":89,"column":61}},"31":{"start":{"line":89,"column":4},"end":{"line":89,"column":61}},"32":{"start":{"line":91,"column":4},"end":{"line":91,"column":33}},"33":{"start":{"line":101,"column":10},"end":{"line":110,"column":null}},"34":{"start":{"line":102,"column":4},"end":{"line":104,"column":null}},"35":{"start":{"line":103,"column":6},"end":{"line":103,"column":60}},"36":{"start":{"line":105,"column":15},"end":{"line":105,"column":43}},"37":{"start":{"line":106,"column":4},"end":{"line":108,"column":null}},"38":{"start":{"line":107,"column":6},"end":{"line":107,"column":73}},"39":{"start":{"line":109,"column":4},"end":{"line":109,"column":29}},"40":{"start":{"line":120,"column":10},"end":{"line":129,"column":null}},"41":{"start":{"line":120,"column":21},"end":{"line":120,"column":null}},"42":{"start":{"line":121,"column":4},"end":{"line":121,"column":30}},"43":{"start":{"line":121,"column":23},"end":{"line":121,"column":30}},"44":{"start":{"line":122,"column":25},"end":{"line":122,"column":64}},"45":{"start":{"line":123,"column":18},"end":{"line":124,"column":null}},"46":{"start":{"line":126,"column":4},"end":{"line":126,"column":62}},"47":{"start":{"line":127,"column":4},"end":{"line":127,"column":39}},"48":{"start":{"line":128,"column":4},"end":{"line":128,"column":17}},"49":{"start":{"line":140,"column":10},"end":{"line":145,"column":null}},"50":{"start":{"line":141,"column":16},"end":{"line":141,"column":48}},"51":{"start":{"line":142,"column":4},"end":{"line":142,"column":22}},"52":{"start":{"line":143,"column":4},"end":{"line":143,"column":24}},"53":{"start":{"line":144,"column":4},"end":{"line":144,"column":15}},"54":{"start":{"line":156,"column":10},"end":{"line":161,"column":null}},"55":{"start":{"line":157,"column":16},"end":{"line":157,"column":49}},"56":{"start":{"line":158,"column":19},"end":{"line":158,"column":67}},"57":{"start":{"line":159,"column":4},"end":{"line":159,"column":34}},"58":{"start":{"line":160,"column":4},"end":{"line":160,"column":27}},"59":{"start":{"line":171,"column":10},"end":{"line":187,"column":null}},"60":{"start":{"line":172,"column":28},"end":{"line":172,"column":39}},"61":{"start":{"line":173,"column":30},"end":{"line":173,"column":34}},"62":{"start":{"line":174,"column":4},"end":{"line":186,"column":null}},"63":{"start":{"line":176,"column":8},"end":{"line":176,"column":37}},"64":{"start":{"line":177,"column":8},"end":{"line":177,"column":37}},"65":{"start":{"line":178,"column":8},"end":{"line":178,"column":14}},"66":{"start":{"line":180,"column":8},"end":{"line":180,"column":31}},"67":{"start":{"line":181,"column":8},"end":{"line":181,"column":42}},"68":{"start":{"line":182,"column":8},"end":{"line":182,"column":14}},"69":{"start":{"line":184,"column":8},"end":{"line":184,"column":37}},"70":{"start":{"line":185,"column":8},"end":{"line":185,"column":36}},"71":{"start":{"line":197,"column":10},"end":{"line":205,"column":null}},"72":{"start":{"line":198,"column":4},"end":{"line":198,"column":33}},"73":{"start":{"line":198,"column":26},"end":{"line":198,"column":33}},"74":{"start":{"line":199,"column":18},"end":{"line":199,"column":59}},"75":{"start":{"line":200,"column":16},"end":{"line":200,"column":41}},"76":{"start":{"line":202,"column":4},"end":{"line":204,"column":7}},"77":{"start":{"line":203,"column":6},"end":{"line":203,"column":40}},"78":{"start":{"line":215,"column":10},"end":{"line":218,"column":null}},"79":{"start":{"line":216,"column":17},"end":{"line":216,"column":55}},"80":{"start":{"line":217,"column":4},"end":{"line":217,"column":41}},"81":{"start":{"line":227,"column":16},"end":{"line":238,"column":null}},"82":{"start":{"line":228,"column":4},"end":{"line":228,"column":46}},"83":{"start":{"line":228,"column":26},"end":{"line":228,"column":46}},"84":{"start":{"line":229,"column":10},"end":{"line":234,"column":6}},"85":{"start":{"line":236,"column":19},"end":{"line":236,"column":null}},"86":{"start":{"line":236,"column":10},"end":{"line":236,"column":null}},"87":{"start":{"line":237,"column":4},"end":{"line":237,"column":18}},"88":{"start":{"line":247,"column":10},"end":{"line":256,"column":null}},"89":{"start":{"line":248,"column":4},"end":{"line":248,"column":30}},"90":{"start":{"line":248,"column":23},"end":{"line":248,"column":30}},"91":{"start":{"line":249,"column":30},"end":{"line":249,"column":42}},"92":{"start":{"line":249,"column":17},"end":{"line":249,"column":19}},"93":{"start":{"line":249,"column":25},"end":{"line":249,"column":30}},"94":{"start":{"line":250,"column":20},"end":{"line":250,"column":79}},"95":{"start":{"line":252,"column":4},"end":{"line":252,"column":39}},"96":{"start":{"line":253,"column":4},"end":{"line":253,"column":38}},"97":{"start":{"line":255,"column":4},"end":{"line":255,"column":31}},"98":{"start":{"line":265,"column":10},"end":{"line":287,"column":null}},"99":{"start":{"line":270,"column":20},"end":{"line":270,"column":28}},"100":{"start":{"line":271,"column":4},"end":{"line":271,"column":69}},"101":{"start":{"line":271,"column":18},"end":{"line":271,"column":69}},"102":{"start":{"line":273,"column":18},"end":{"line":273,"column":71}},"103":{"start":{"line":273,"column":66},"end":{"line":273,"column":71}},"104":{"start":{"line":274,"column":4},"end":{"line":274,"column":56}},"105":{"start":{"line":274,"column":36},"end":{"line":274,"column":55}},"106":{"start":{"line":276,"column":17},"end":{"line":276,"column":40}},"107":{"start":{"line":277,"column":17},"end":{"line":277,"column":38}},"108":{"start":{"line":278,"column":22},"end":{"line":278,"column":38}},"109":{"start":{"line":280,"column":4},"end":{"line":280,"column":76}},"110":{"start":{"line":280,"column":22},"end":{"line":280,"column":76}},"111":{"start":{"line":282,"column":4},"end":{"line":286,"column":6}},"112":{"start":{"line":296,"column":10},"end":{"line":300,"column":null}},"113":{"start":{"line":297,"column":28},"end":{"line":297,"column":39}},"114":{"start":{"line":298,"column":30},"end":{"line":298,"column":34}},"115":{"start":{"line":299,"column":4},"end":{"line":299,"column":61}},"116":{"start":{"line":302,"column":10},"end":{"line":326,"column":null}},"117":{"start":{"line":303,"column":4},"end":{"line":303,"column":30}},"118":{"start":{"line":303,"column":23},"end":{"line":303,"column":30}},"119":{"start":{"line":304,"column":28},"end":{"line":304,"column":58}},"120":{"start":{"line":304,"column":15},"end":{"line":304,"column":17}},"121":{"start":{"line":304,"column":23},"end":{"line":304,"column":28}},"122":{"start":{"line":305,"column":4},"end":{"line":305,"column":44}},"123":{"start":{"line":307,"column":4},"end":{"line":309,"column":6}},"124":{"start":{"line":310,"column":19},"end":{"line":310,"column":71}},"125":{"start":{"line":311,"column":4},"end":{"line":314,"column":null}},"126":{"start":{"line":312,"column":6},"end":{"line":312,"column":24}},"127":{"start":{"line":313,"column":6},"end":{"line":313,"column":13}},"128":{"start":{"line":316,"column":23},"end":{"line":316,"column":77}},"129":{"start":{"line":317,"column":20},"end":{"line":317,"column":34}},"130":{"start":{"line":319,"column":4},"end":{"line":319,"column":18}},"131":{"start":{"line":320,"column":4},"end":{"line":320,"column":41}},"132":{"start":{"line":321,"column":4},"end":{"line":321,"column":73}},"133":{"start":{"line":322,"column":4},"end":{"line":322,"column":53}},"134":{"start":{"line":324,"column":4},"end":{"line":324,"column":36}},"135":{"start":{"line":325,"column":4},"end":{"line":325,"column":21}},"136":{"start":{"line":331,"column":10},"end":{"line":351,"column":null}},"137":{"start":{"line":332,"column":16},"end":{"line":346,"column":6}},"138":{"start":{"line":347,"column":20},"end":{"line":347,"column":34}},"139":{"start":{"line":348,"column":41},"end":{"line":348,"column":63}},"140":{"start":{"line":348,"column":16},"end":{"line":348,"column":18}},"141":{"start":{"line":348,"column":25},"end":{"line":348,"column":27}},"142":{"start":{"line":348,"column":36},"end":{"line":348,"column":41}},"143":{"start":{"line":349,"column":17},"end":{"line":349,"column":40}},"144":{"start":{"line":350,"column":4},"end":{"line":350,"column":59}},"145":{"start":{"line":360,"column":10},"end":{"line":383,"column":null}},"146":{"start":{"line":361,"column":41},"end":{"line":361,"column":46}},"147":{"start":{"line":362,"column":13},"end":{"line":367,"column":6}},"148":{"start":{"line":369,"column":18},"end":{"line":369,"column":40}},"149":{"start":{"line":370,"column":33},"end":{"line":379,"column":6}},"150":{"start":{"line":381,"column":4},"end":{"line":381,"column":79}},"151":{"start":{"line":382,"column":4},"end":{"line":382,"column":36}},"152":{"start":{"line":385,"column":10},"end":{"line":394,"column":null}},"153":{"start":{"line":386,"column":23},"end":{"line":386,"column":52}},"154":{"start":{"line":387,"column":28},"end":{"line":387,"column":39}},"155":{"start":{"line":388,"column":30},"end":{"line":388,"column":34}},"156":{"start":{"line":390,"column":4},"end":{"line":390,"column":38}},"157":{"start":{"line":392,"column":4},"end":{"line":392,"column":54}},"158":{"start":{"line":393,"column":4},"end":{"line":393,"column":22}},"159":{"start":{"line":401,"column":10},"end":{"line":432,"column":null}},"160":{"start":{"line":402,"column":41},"end":{"line":402,"column":46}},"161":{"start":{"line":403,"column":32},"end":{"line":403,"column":42}},"162":{"start":{"line":404,"column":49},"end":{"line":404,"column":53}},"163":{"start":{"line":405,"column":26},"end":{"line":405,"column":32}},"164":{"start":{"line":406,"column":13},"end":{"line":411,"column":6}},"165":{"start":{"line":413,"column":33},"end":{"line":420,"column":6}},"166":{"start":{"line":422,"column":4},"end":{"line":422,"column":49}},"167":{"start":{"line":426,"column":4},"end":{"line":428,"column":null}},"168":{"start":{"line":427,"column":6},"end":{"line":427,"column":68}},"169":{"start":{"line":430,"column":4},"end":{"line":430,"column":70}},"170":{"start":{"line":431,"column":4},"end":{"line":431,"column":36}},"171":{"start":{"line":434,"column":10},"end":{"line":443,"column":null}},"172":{"start":{"line":435,"column":23},"end":{"line":435,"column":52}},"173":{"start":{"line":436,"column":28},"end":{"line":436,"column":39}},"174":{"start":{"line":437,"column":30},"end":{"line":437,"column":34}},"175":{"start":{"line":439,"column":4},"end":{"line":439,"column":38}},"176":{"start":{"line":440,"column":4},"end":{"line":440,"column":19}},"177":{"start":{"line":441,"column":4},"end":{"line":441,"column":61}},"178":{"start":{"line":442,"column":4},"end":{"line":442,"column":22}},"179":{"start":{"line":450,"column":10},"end":{"line":470,"column":null}},"180":{"start":{"line":451,"column":41},"end":{"line":451,"column":46}},"181":{"start":{"line":452,"column":13},"end":{"line":455,"column":6}},"182":{"start":{"line":457,"column":33},"end":{"line":466,"column":6}},"183":{"start":{"line":468,"column":4},"end":{"line":468,"column":54}},"184":{"start":{"line":469,"column":4},"end":{"line":469,"column":36}},"185":{"start":{"line":477,"column":10},"end":{"line":496,"column":null}},"186":{"start":{"line":478,"column":41},"end":{"line":478,"column":46}},"187":{"start":{"line":479,"column":13},"end":{"line":482,"column":6}},"188":{"start":{"line":483,"column":33},"end":{"line":492,"column":6}},"189":{"start":{"line":494,"column":4},"end":{"line":494,"column":54}},"190":{"start":{"line":495,"column":4},"end":{"line":495,"column":36}},"191":{"start":{"line":498,"column":10},"end":{"line":535,"column":null}},"192":{"start":{"line":499,"column":43},"end":{"line":499,"column":75}},"193":{"start":{"line":499,"column":22},"end":{"line":499,"column":24}},"194":{"start":{"line":499,"column":30},"end":{"line":499,"column":32}},"195":{"start":{"line":499,"column":38},"end":{"line":499,"column":43}},"196":{"start":{"line":500,"column":52},"end":{"line":500,"column":null}},"197":{"start":{"line":500,"column":22},"end":{"line":500,"column":24}},"198":{"start":{"line":500,"column":35},"end":{"line":500,"column":37}},"199":{"start":{"line":500,"column":47},"end":{"line":500,"column":52}},"200":{"start":{"line":504,"column":4},"end":{"line":504,"column":38}},"201":{"start":{"line":506,"column":21},"end":{"line":506,"column":36}},"202":{"start":{"line":507,"column":25},"end":{"line":507,"column":43}},"203":{"start":{"line":509,"column":23},"end":{"line":509,"column":37}},"204":{"start":{"line":510,"column":24},"end":{"line":510,"column":39}},"205":{"start":{"line":512,"column":4},"end":{"line":512,"column":58}},"206":{"start":{"line":513,"column":4},"end":{"line":513,"column":40}},"207":{"start":{"line":514,"column":4},"end":{"line":514,"column":65}},"208":{"start":{"line":516,"column":24},"end":{"line":516,"column":41}},"209":{"start":{"line":517,"column":20},"end":{"line":517,"column":34}},"210":{"start":{"line":518,"column":4},"end":{"line":518,"column":63}},"211":{"start":{"line":520,"column":4},"end":{"line":522,"column":null}},"212":{"start":{"line":520,"column":17},"end":{"line":520,"column":18}},"213":{"start":{"line":521,"column":6},"end":{"line":521,"column":57}},"214":{"start":{"line":524,"column":24},"end":{"line":524,"column":41}},"215":{"start":{"line":525,"column":4},"end":{"line":532,"column":null}},"216":{"start":{"line":525,"column":17},"end":{"line":525,"column":18}},"217":{"start":{"line":527,"column":6},"end":{"line":531,"column":8}},"218":{"start":{"line":534,"column":4},"end":{"line":534,"column":22}},"219":{"start":{"line":542,"column":10},"end":{"line":564,"column":null}},"220":{"start":{"line":545,"column":38},"end":{"line":545,"column":70}},"221":{"start":{"line":545,"column":17},"end":{"line":545,"column":19}},"222":{"start":{"line":545,"column":25},"end":{"line":545,"column":27}},"223":{"start":{"line":545,"column":33},"end":{"line":545,"column":38}},"224":{"start":{"line":546,"column":23},"end":{"line":546,"column":55}},"225":{"start":{"line":547,"column":20},"end":{"line":547,"column":31}},"226":{"start":{"line":549,"column":4},"end":{"line":549,"column":46}},"227":{"start":{"line":551,"column":23},"end":{"line":551,"column":52}},"228":{"start":{"line":552,"column":24},"end":{"line":552,"column":54}},"229":{"start":{"line":553,"column":24},"end":{"line":553,"column":71}},"230":{"start":{"line":554,"column":23},"end":{"line":556,"column":null}},"231":{"start":{"line":559,"column":4},"end":{"line":563,"column":6}},"232":{"start":{"line":571,"column":10},"end":{"line":592,"column":null}},"233":{"start":{"line":572,"column":30},"end":{"line":572,"column":35}},"234":{"start":{"line":573,"column":32},"end":{"line":573,"column":42}},"235":{"start":{"line":574,"column":13},"end":{"line":577,"column":6}},"236":{"start":{"line":580,"column":6},"end":{"line":580,"column":79}},"237":{"start":{"line":582,"column":33},"end":{"line":588,"column":6}},"238":{"start":{"line":589,"column":4},"end":{"line":589,"column":52}},"239":{"start":{"line":591,"column":4},"end":{"line":591,"column":36}},"240":{"start":{"line":594,"column":10},"end":{"line":626,"column":null}},"241":{"start":{"line":597,"column":6},"end":{"line":597,"column":28}},"242":{"start":{"line":595,"column":22},"end":{"line":595,"column":24}},"243":{"start":{"line":595,"column":34},"end":{"line":595,"column":36}},"244":{"start":{"line":595,"column":46},"end":{"line":595,"column":48}},"245":{"start":{"line":595,"column":57},"end":{"line":595,"column":null}},"246":{"start":{"line":598,"column":23},"end":{"line":598,"column":48}},"247":{"start":{"line":599,"column":22},"end":{"line":599,"column":27}},"248":{"start":{"line":600,"column":4},"end":{"line":600,"column":50}},"249":{"start":{"line":602,"column":16},"end":{"line":602,"column":26}},"250":{"start":{"line":603,"column":4},"end":{"line":603,"column":31}},"251":{"start":{"line":605,"column":4},"end":{"line":616,"column":null}},"252":{"start":{"line":605,"column":17},"end":{"line":605,"column":18}},"253":{"start":{"line":606,"column":25},"end":{"line":606,"column":38}},"254":{"start":{"line":607,"column":25},"end":{"line":607,"column":38}},"255":{"start":{"line":608,"column":22},"end":{"line":608,"column":39}},"256":{"start":{"line":610,"column":6},"end":{"line":610,"column":38}},"257":{"start":{"line":611,"column":6},"end":{"line":611,"column":37}},"258":{"start":{"line":612,"column":6},"end":{"line":615,"column":null}},"259":{"start":{"line":612,"column":19},"end":{"line":612,"column":20}},"260":{"start":{"line":613,"column":24},"end":{"line":613,"column":37}},"261":{"start":{"line":614,"column":8},"end":{"line":614,"column":76}},"262":{"start":{"line":618,"column":4},"end":{"line":623,"column":null}},"263":{"start":{"line":618,"column":17},"end":{"line":618,"column":18}},"264":{"start":{"line":619,"column":21},"end":{"line":619,"column":27}},"265":{"start":{"line":620,"column":6},"end":{"line":622,"column":null}},"266":{"start":{"line":620,"column":19},"end":{"line":620,"column":20}},"267":{"start":{"line":621,"column":8},"end":{"line":621,"column":79}},"268":{"start":{"line":625,"column":4},"end":{"line":625,"column":22}},"269":{"start":{"line":628,"column":10},"end":{"line":648,"column":null}},"270":{"start":{"line":629,"column":23},"end":{"line":629,"column":55}},"271":{"start":{"line":630,"column":23},"end":{"line":630,"column":25}},"272":{"start":{"line":631,"column":23},"end":{"line":631,"column":25}},"273":{"start":{"line":633,"column":4},"end":{"line":636,"column":null}},"274":{"start":{"line":633,"column":17},"end":{"line":633,"column":18}},"275":{"start":{"line":634,"column":6},"end":{"line":634,"column":47}},"276":{"start":{"line":635,"column":6},"end":{"line":635,"column":54}},"277":{"start":{"line":638,"column":22},"end":{"line":638,"column":44}},"278":{"start":{"line":639,"column":4},"end":{"line":641,"column":null}},"279":{"start":{"line":639,"column":17},"end":{"line":639,"column":18}},"280":{"start":{"line":640,"column":6},"end":{"line":640,"column":24}},"281":{"start":{"line":642,"column":4},"end":{"line":647,"column":6}},"282":{"start":{"line":655,"column":10},"end":{"line":676,"column":null}},"283":{"start":{"line":656,"column":41},"end":{"line":656,"column":46}},"284":{"start":{"line":657,"column":32},"end":{"line":657,"column":42}},"285":{"start":{"line":658,"column":13},"end":{"line":661,"column":6}},"286":{"start":{"line":663,"column":22},"end":{"line":663,"column":63}},"287":{"start":{"line":665,"column":33},"end":{"line":671,"column":6}},"288":{"start":{"line":673,"column":4},"end":{"line":673,"column":57}},"289":{"start":{"line":675,"column":4},"end":{"line":675,"column":36}},"290":{"start":{"line":678,"column":10},"end":{"line":694,"column":null}},"291":{"start":{"line":679,"column":38},"end":{"line":679,"column":null}},"292":{"start":{"line":679,"column":22},"end":{"line":679,"column":24}},"293":{"start":{"line":679,"column":33},"end":{"line":679,"column":38}},"294":{"start":{"line":683,"column":28},"end":{"line":683,"column":39}},"295":{"start":{"line":684,"column":22},"end":{"line":684,"column":27}},"296":{"start":{"line":686,"column":4},"end":{"line":686,"column":38}},"297":{"start":{"line":688,"column":16},"end":{"line":688,"column":26}},"298":{"start":{"line":689,"column":4},"end":{"line":689,"column":31}},"299":{"start":{"line":690,"column":4},"end":{"line":692,"column":null}},"300":{"start":{"line":690,"column":17},"end":{"line":690,"column":18}},"301":{"start":{"line":691,"column":6},"end":{"line":691,"column":53}},"302":{"start":{"line":693,"column":4},"end":{"line":693,"column":22}},"303":{"start":{"line":696,"column":10},"end":{"line":701,"column":null}},"304":{"start":{"line":697,"column":23},"end":{"line":697,"column":55}},"305":{"start":{"line":698,"column":22},"end":{"line":698,"column":45}},"306":{"start":{"line":699,"column":4},"end":{"line":699,"column":60}},"307":{"start":{"line":700,"column":4},"end":{"line":700,"column":37}},"308":{"start":{"line":708,"column":10},"end":{"line":729,"column":null}},"309":{"start":{"line":709,"column":41},"end":{"line":709,"column":46}},"310":{"start":{"line":710,"column":13},"end":{"line":715,"column":6}},"311":{"start":{"line":717,"column":33},"end":{"line":724,"column":6}},"312":{"start":{"line":726,"column":4},"end":{"line":726,"column":53}},"313":{"start":{"line":728,"column":4},"end":{"line":728,"column":36}},"314":{"start":{"line":731,"column":10},"end":{"line":739,"column":null}},"315":{"start":{"line":732,"column":40},"end":{"line":732,"column":null}},"316":{"start":{"line":732,"column":22},"end":{"line":732,"column":24}},"317":{"start":{"line":732,"column":35},"end":{"line":732,"column":40}},"318":{"start":{"line":735,"column":4},"end":{"line":735,"column":38}},"319":{"start":{"line":736,"column":4},"end":{"line":736,"column":72}},"320":{"start":{"line":738,"column":4},"end":{"line":738,"column":22}},"321":{"start":{"line":741,"column":10},"end":{"line":755,"column":null}},"322":{"start":{"line":742,"column":23},"end":{"line":742,"column":53}},"323":{"start":{"line":743,"column":24},"end":{"line":743,"column":55}},"324":{"start":{"line":744,"column":21},"end":{"line":744,"column":39}},"325":{"start":{"line":746,"column":4},"end":{"line":746,"column":36}},"326":{"start":{"line":747,"column":4},"end":{"line":747,"column":30}},"327":{"start":{"line":748,"column":4},"end":{"line":751,"column":null}},"328":{"start":{"line":748,"column":17},"end":{"line":748,"column":18}},"329":{"start":{"line":750,"column":6},"end":{"line":750,"column":44}},"330":{"start":{"line":753,"column":4},"end":{"line":753,"column":58}},"331":{"start":{"line":754,"column":4},"end":{"line":754,"column":39}},"332":{"start":{"line":762,"column":10},"end":{"line":784,"column":null}},"333":{"start":{"line":763,"column":30},"end":{"line":763,"column":35}},"334":{"start":{"line":764,"column":32},"end":{"line":764,"column":42}},"335":{"start":{"line":765,"column":13},"end":{"line":768,"column":6}},"336":{"start":{"line":770,"column":6},"end":{"line":771,"column":null}},"337":{"start":{"line":773,"column":33},"end":{"line":779,"column":6}},"338":{"start":{"line":781,"column":4},"end":{"line":781,"column":49}},"339":{"start":{"line":783,"column":4},"end":{"line":783,"column":36}},"340":{"start":{"line":786,"column":10},"end":{"line":803,"column":null}},"341":{"start":{"line":787,"column":23},"end":{"line":787,"column":52}},"342":{"start":{"line":788,"column":28},"end":{"line":788,"column":39}},"343":{"start":{"line":790,"column":4},"end":{"line":790,"column":38}},"344":{"start":{"line":791,"column":18},"end":{"line":791,"column":27}},"345":{"start":{"line":792,"column":16},"end":{"line":792,"column":26}},"346":{"start":{"line":793,"column":4},"end":{"line":793,"column":21}},"347":{"start":{"line":794,"column":4},"end":{"line":794,"column":18}},"348":{"start":{"line":795,"column":4},"end":{"line":795,"column":43}},"349":{"start":{"line":796,"column":4},"end":{"line":796,"column":23}},"350":{"start":{"line":797,"column":4},"end":{"line":797,"column":24}},"351":{"start":{"line":798,"column":4},"end":{"line":798,"column":47}},"352":{"start":{"line":799,"column":4},"end":{"line":799,"column":24}},"353":{"start":{"line":800,"column":4},"end":{"line":800,"column":18}},"354":{"start":{"line":801,"column":4},"end":{"line":801,"column":21}},"355":{"start":{"line":802,"column":4},"end":{"line":802,"column":22}},"356":{"start":{"line":805,"column":10},"end":{"line":809,"column":null}},"357":{"start":{"line":806,"column":23},"end":{"line":806,"column":55}},"358":{"start":{"line":807,"column":4},"end":{"line":807,"column":52}},"359":{"start":{"line":808,"column":4},"end":{"line":808,"column":22}},"360":{"start":{"line":816,"column":10},"end":{"line":840,"column":null}},"361":{"start":{"line":817,"column":41},"end":{"line":817,"column":46}},"362":{"start":{"line":818,"column":53},"end":{"line":818,"column":57}},"363":{"start":{"line":819,"column":32},"end":{"line":819,"column":42}},"364":{"start":{"line":820,"column":13},"end":{"line":826,"column":6}},"365":{"start":{"line":828,"column":33},"end":{"line":835,"column":6}},"366":{"start":{"line":837,"column":4},"end":{"line":837,"column":49}},"367":{"start":{"line":839,"column":4},"end":{"line":839,"column":36}},"368":{"start":{"line":842,"column":10},"end":{"line":862,"column":null}},"369":{"start":{"line":843,"column":23},"end":{"line":843,"column":52}},"370":{"start":{"line":844,"column":28},"end":{"line":844,"column":39}},"371":{"start":{"line":845,"column":4},"end":{"line":845,"column":38}},"372":{"start":{"line":846,"column":18},"end":{"line":846,"column":27}},"373":{"start":{"line":847,"column":18},"end":{"line":847,"column":49}},"374":{"start":{"line":848,"column":19},"end":{"line":848,"column":40}},"375":{"start":{"line":849,"column":4},"end":{"line":849,"column":20}},"376":{"start":{"line":850,"column":4},"end":{"line":850,"column":18}},"377":{"start":{"line":851,"column":4},"end":{"line":851,"column":43}},"378":{"start":{"line":852,"column":4},"end":{"line":852,"column":23}},"379":{"start":{"line":853,"column":4},"end":{"line":858,"column":null}},"380":{"start":{"line":853,"column":17},"end":{"line":853,"column":18}},"381":{"start":{"line":854,"column":19},"end":{"line":854,"column":29}},"382":{"start":{"line":855,"column":6},"end":{"line":855,"column":26}},"383":{"start":{"line":856,"column":6},"end":{"line":856,"column":54}},"384":{"start":{"line":857,"column":6},"end":{"line":857,"column":26}},"385":{"start":{"line":859,"column":4},"end":{"line":859,"column":18}},"386":{"start":{"line":860,"column":4},"end":{"line":860,"column":21}},"387":{"start":{"line":861,"column":4},"end":{"line":861,"column":22}},"388":{"start":{"line":864,"column":10},"end":{"line":868,"column":null}},"389":{"start":{"line":865,"column":23},"end":{"line":865,"column":55}},"390":{"start":{"line":866,"column":4},"end":{"line":866,"column":52}},"391":{"start":{"line":867,"column":4},"end":{"line":867,"column":22}},"392":{"start":{"line":875,"column":10},"end":{"line":888,"column":null}},"393":{"start":{"line":876,"column":41},"end":{"line":876,"column":46}},"394":{"start":{"line":877,"column":33},"end":{"line":883,"column":6}},"395":{"start":{"line":885,"column":4},"end":{"line":885,"column":53}},"396":{"start":{"line":887,"column":4},"end":{"line":887,"column":36}},"397":{"start":{"line":890,"column":10},"end":{"line":900,"column":null}},"398":{"start":{"line":891,"column":23},"end":{"line":891,"column":52}},"399":{"start":{"line":892,"column":28},"end":{"line":892,"column":39}},"400":{"start":{"line":893,"column":4},"end":{"line":893,"column":38}},"401":{"start":{"line":895,"column":16},"end":{"line":895,"column":25}},"402":{"start":{"line":896,"column":4},"end":{"line":896,"column":23}},"403":{"start":{"line":897,"column":4},"end":{"line":897,"column":32}},"404":{"start":{"line":898,"column":4},"end":{"line":898,"column":48}},"405":{"start":{"line":899,"column":4},"end":{"line":899,"column":22}},"406":{"start":{"line":902,"column":10},"end":{"line":919,"column":null}},"407":{"start":{"line":903,"column":23},"end":{"line":903,"column":55}},"408":{"start":{"line":904,"column":32},"end":{"line":904,"column":42}},"409":{"start":{"line":905,"column":13},"end":{"line":910,"column":6}},"410":{"start":{"line":912,"column":4},"end":{"line":912,"column":37}},"411":{"start":{"line":918,"column":4},"end":{"line":918,"column":22}},"412":{"start":{"line":926,"column":10},"end":{"line":941,"column":null}},"413":{"start":{"line":927,"column":41},"end":{"line":927,"column":46}},"414":{"start":{"line":928,"column":27},"end":{"line":928,"column":32}},"415":{"start":{"line":929,"column":33},"end":{"line":935,"column":6}},"416":{"start":{"line":937,"column":4},"end":{"line":937,"column":53}},"417":{"start":{"line":938,"column":35},"end":{"line":938,"column":65}},"418":{"start":{"line":939,"column":4},"end":{"line":939,"column":56}},"419":{"start":{"line":940,"column":4},"end":{"line":940,"column":36}},"420":{"start":{"line":943,"column":10},"end":{"line":954,"column":null}},"421":{"start":{"line":944,"column":23},"end":{"line":944,"column":52}},"422":{"start":{"line":945,"column":28},"end":{"line":945,"column":39}},"423":{"start":{"line":946,"column":4},"end":{"line":946,"column":38}},"424":{"start":{"line":948,"column":22},"end":{"line":948,"column":35}},"425":{"start":{"line":949,"column":4},"end":{"line":949,"column":35}},"426":{"start":{"line":950,"column":4},"end":{"line":950,"column":23}},"427":{"start":{"line":951,"column":4},"end":{"line":951,"column":64}},"428":{"start":{"line":952,"column":4},"end":{"line":952,"column":18}},"429":{"start":{"line":953,"column":4},"end":{"line":953,"column":22}},"430":{"start":{"line":961,"column":10},"end":{"line":976,"column":null}},"431":{"start":{"line":962,"column":41},"end":{"line":962,"column":46}},"432":{"start":{"line":964,"column":33},"end":{"line":970,"column":6}},"433":{"start":{"line":972,"column":29},"end":{"line":972,"column":77}},"434":{"start":{"line":972,"column":15},"end":{"line":972,"column":17}},"435":{"start":{"line":972,"column":23},"end":{"line":972,"column":28}},"436":{"start":{"line":973,"column":22},"end":{"line":973,"column":35}},"437":{"start":{"line":974,"column":4},"end":{"line":974,"column":43}},"438":{"start":{"line":975,"column":4},"end":{"line":975,"column":36}},"439":{"start":{"line":978,"column":10},"end":{"line":991,"column":null}},"440":{"start":{"line":979,"column":23},"end":{"line":979,"column":52}},"441":{"start":{"line":980,"column":28},"end":{"line":980,"column":39}},"442":{"start":{"line":982,"column":4},"end":{"line":982,"column":38}},"443":{"start":{"line":983,"column":4},"end":{"line":983,"column":23}},"444":{"start":{"line":984,"column":4},"end":{"line":984,"column":23}},"445":{"start":{"line":985,"column":4},"end":{"line":985,"column":29}},"446":{"start":{"line":986,"column":4},"end":{"line":986,"column":28}},"447":{"start":{"line":987,"column":4},"end":{"line":987,"column":28}},"448":{"start":{"line":988,"column":4},"end":{"line":988,"column":29}},"449":{"start":{"line":989,"column":4},"end":{"line":989,"column":18}},"450":{"start":{"line":990,"column":4},"end":{"line":990,"column":22}},"451":{"start":{"line":998,"column":10},"end":{"line":1012,"column":null}},"452":{"start":{"line":999,"column":41},"end":{"line":999,"column":46}},"453":{"start":{"line":1001,"column":33},"end":{"line":1007,"column":6}},"454":{"start":{"line":1009,"column":4},"end":{"line":1009,"column":53}},"455":{"start":{"line":1011,"column":4},"end":{"line":1011,"column":36}},"456":{"start":{"line":1014,"column":10},"end":{"line":1027,"column":null}},"457":{"start":{"line":1015,"column":23},"end":{"line":1015,"column":52}},"458":{"start":{"line":1016,"column":28},"end":{"line":1016,"column":39}},"459":{"start":{"line":1018,"column":4},"end":{"line":1018,"column":38}},"460":{"start":{"line":1020,"column":18},"end":{"line":1020,"column":27}},"461":{"start":{"line":1021,"column":22},"end":{"line":1021,"column":31}},"462":{"start":{"line":1023,"column":4},"end":{"line":1023,"column":19}},"463":{"start":{"line":1024,"column":4},"end":{"line":1024,"column":60}},"464":{"start":{"line":1025,"column":4},"end":{"line":1025,"column":60}},"465":{"start":{"line":1026,"column":4},"end":{"line":1026,"column":22}},"466":{"start":{"line":1029,"column":10},"end":{"line":1044,"column":null}},"467":{"start":{"line":1030,"column":4},"end":{"line":1030,"column":38}},"468":{"start":{"line":1031,"column":22},"end":{"line":1031,"column":63}},"469":{"start":{"line":1032,"column":4},"end":{"line":1032,"column":38}},"470":{"start":{"line":1033,"column":4},"end":{"line":1036,"column":7}},"471":{"start":{"line":1037,"column":4},"end":{"line":1037,"column":60}},"472":{"start":{"line":1038,"column":4},"end":{"line":1038,"column":40}},"473":{"start":{"line":1039,"column":4},"end":{"line":1039,"column":48}},"474":{"start":{"line":1040,"column":4},"end":{"line":1040,"column":25}},"475":{"start":{"line":1041,"column":4},"end":{"line":1041,"column":27}},"476":{"start":{"line":1042,"column":4},"end":{"line":1042,"column":24}},"477":{"start":{"line":1043,"column":4},"end":{"line":1043,"column":28}},"478":{"start":{"line":40,"column":9},"end":{"line":40,"column":39}},"479":{"start":{"line":48,"column":9},"end":{"line":48,"column":40}},"480":{"start":{"line":50,"column":18},"end":{"line":50,"column":44}},"481":{"start":{"line":1045,"column":0},"end":{"line":1045,"column":null}},"482":{"start":{"line":1047,"column":0},"end":{"line":1047,"column":21}}},"fnMap":{"0":{"name":"(anonymous_15)","decl":{"start":{"line":33,"column":0},"end":{"line":33,"column":null}},"loc":{"start":{"line":33,"column":0},"end":{"line":33,"column":null}}},"1":{"name":"Anets","decl":{"start":{"line":52,"column":2},"end":{"line":52,"column":14}},"loc":{"start":{"line":52,"column":57},"end":{"line":69,"column":3}}},"2":{"name":"(anonymous_17)","decl":{"start":{"line":71,"column":2},"end":{"line":71,"column":9}},"loc":{"start":{"line":71,"column":58},"end":{"line":73,"column":3}}},"3":{"name":"(anonymous_18)","decl":{"start":{"line":75,"column":2},"end":{"line":75,"column":16}},"loc":{"start":{"line":75,"column":2},"end":{"line":92,"column":null}}},"4":{"name":"(anonymous_21)","decl":{"start":{"line":101,"column":2},"end":{"line":101,"column":10}},"loc":{"start":{"line":101,"column":41},"end":{"line":110,"column":3}}},"5":{"name":"(anonymous_22)","decl":{"start":{"line":120,"column":2},"end":{"line":120,"column":10}},"loc":{"start":{"line":120,"column":32},"end":{"line":129,"column":3}}},"6":{"name":"(anonymous_23)","decl":{"start":{"line":140,"column":2},"end":{"line":140,"column":10}},"loc":{"start":{"line":140,"column":53},"end":{"line":145,"column":3}}},"7":{"name":"(anonymous_24)","decl":{"start":{"line":156,"column":2},"end":{"line":156,"column":10}},"loc":{"start":{"line":156,"column":57},"end":{"line":161,"column":3}}},"8":{"name":"(anonymous_25)","decl":{"start":{"line":171,"column":2},"end":{"line":171,"column":10}},"loc":{"start":{"line":171,"column":64},"end":{"line":187,"column":3}}},"9":{"name":"(anonymous_26)","decl":{"start":{"line":197,"column":2},"end":{"line":197,"column":10}},"loc":{"start":{"line":197,"column":49},"end":{"line":205,"column":3}}},"10":{"name":"(anonymous_27)","decl":{"start":{"line":202,"column":23},"end":{"line":202,"column":24}},"loc":{"start":{"line":202,"column":39},"end":{"line":204,"column":5}}},"11":{"name":"(anonymous_28)","decl":{"start":{"line":215,"column":2},"end":{"line":215,"column":10}},"loc":{"start":{"line":215,"column":32},"end":{"line":218,"column":3}}},"12":{"name":"(anonymous_29)","decl":{"start":{"line":227,"column":2},"end":{"line":227,"column":16}},"loc":{"start":{"line":227,"column":2},"end":{"line":238,"column":null}}},"13":{"name":"(anonymous_32)","decl":{"start":{"line":247,"column":2},"end":{"line":247,"column":10}},"loc":{"start":{"line":247,"column":2},"end":{"line":256,"column":3}}},"14":{"name":"(anonymous_33)","decl":{"start":{"line":265,"column":2},"end":{"line":265,"column":10}},"loc":{"start":{"line":265,"column":31},"end":{"line":287,"column":3}}},"15":{"name":"(anonymous_34)","decl":{"start":{"line":273,"column":56},"end":{"line":273,"column":57}},"loc":{"start":{"line":273,"column":61},"end":{"line":273,"column":70}}},"16":{"name":"(anonymous_35)","decl":{"start":{"line":274,"column":26},"end":{"line":274,"column":27}},"loc":{"start":{"line":274,"column":31},"end":{"line":274,"column":40}}},"17":{"name":"(anonymous_36)","decl":{"start":{"line":296,"column":2},"end":{"line":296,"column":10}},"loc":{"start":{"line":296,"column":49},"end":{"line":300,"column":3}}},"18":{"name":"(anonymous_37)","decl":{"start":{"line":302,"column":2},"end":{"line":302,"column":10}},"loc":{"start":{"line":302,"column":51},"end":{"line":326,"column":3}}},"19":{"name":"(anonymous_38)","decl":{"start":{"line":331,"column":2},"end":{"line":331,"column":10}},"loc":{"start":{"line":331,"column":2},"end":{"line":351,"column":3}}},"20":{"name":"(anonymous_39)","decl":{"start":{"line":360,"column":2},"end":{"line":360,"column":10}},"loc":{"start":{"line":360,"column":47},"end":{"line":383,"column":3}}},"21":{"name":"(anonymous_40)","decl":{"start":{"line":385,"column":2},"end":{"line":385,"column":10}},"loc":{"start":{"line":385,"column":46},"end":{"line":394,"column":3}}},"22":{"name":"(anonymous_41)","decl":{"start":{"line":401,"column":2},"end":{"line":401,"column":10}},"loc":{"start":{"line":401,"column":47},"end":{"line":432,"column":3}}},"23":{"name":"(anonymous_42)","decl":{"start":{"line":434,"column":2},"end":{"line":434,"column":10}},"loc":{"start":{"line":434,"column":61},"end":{"line":443,"column":3}}},"24":{"name":"(anonymous_43)","decl":{"start":{"line":450,"column":2},"end":{"line":450,"column":10}},"loc":{"start":{"line":450,"column":55},"end":{"line":470,"column":3}}},"25":{"name":"(anonymous_44)","decl":{"start":{"line":477,"column":2},"end":{"line":477,"column":10}},"loc":{"start":{"line":477,"column":49},"end":{"line":496,"column":3}}},"26":{"name":"(anonymous_45)","decl":{"start":{"line":498,"column":2},"end":{"line":498,"column":10}},"loc":{"start":{"line":498,"column":62},"end":{"line":535,"column":3}}},"27":{"name":"(anonymous_46)","decl":{"start":{"line":542,"column":2},"end":{"line":542,"column":10}},"loc":{"start":{"line":542,"column":51},"end":{"line":564,"column":3}}},"28":{"name":"(anonymous_47)","decl":{"start":{"line":571,"column":2},"end":{"line":571,"column":10}},"loc":{"start":{"line":571,"column":51},"end":{"line":592,"column":3}}},"29":{"name":"(anonymous_48)","decl":{"start":{"line":594,"column":2},"end":{"line":594,"column":10}},"loc":{"start":{"line":594,"column":50},"end":{"line":626,"column":3}}},"30":{"name":"(anonymous_49)","decl":{"start":{"line":628,"column":2},"end":{"line":628,"column":10}},"loc":{"start":{"line":628,"column":2},"end":{"line":648,"column":3}}},"31":{"name":"(anonymous_50)","decl":{"start":{"line":655,"column":2},"end":{"line":655,"column":10}},"loc":{"start":{"line":655,"column":52},"end":{"line":676,"column":3}}},"32":{"name":"(anonymous_51)","decl":{"start":{"line":678,"column":2},"end":{"line":678,"column":10}},"loc":{"start":{"line":678,"column":51},"end":{"line":694,"column":3}}},"33":{"name":"(anonymous_52)","decl":{"start":{"line":696,"column":2},"end":{"line":696,"column":10}},"loc":{"start":{"line":696,"column":54},"end":{"line":701,"column":3}}},"34":{"name":"(anonymous_53)","decl":{"start":{"line":708,"column":2},"end":{"line":708,"column":10}},"loc":{"start":{"line":708,"column":49},"end":{"line":729,"column":3}}},"35":{"name":"(anonymous_54)","decl":{"start":{"line":731,"column":2},"end":{"line":731,"column":10}},"loc":{"start":{"line":731,"column":62},"end":{"line":739,"column":3}}},"36":{"name":"(anonymous_55)","decl":{"start":{"line":741,"column":2},"end":{"line":741,"column":10}},"loc":{"start":{"line":741,"column":50},"end":{"line":755,"column":3}}},"37":{"name":"(anonymous_56)","decl":{"start":{"line":762,"column":2},"end":{"line":762,"column":10}},"loc":{"start":{"line":762,"column":48},"end":{"line":784,"column":3}}},"38":{"name":"(anonymous_57)","decl":{"start":{"line":786,"column":2},"end":{"line":786,"column":10}},"loc":{"start":{"line":786,"column":47},"end":{"line":803,"column":3}}},"39":{"name":"(anonymous_58)","decl":{"start":{"line":805,"column":2},"end":{"line":805,"column":10}},"loc":{"start":{"line":805,"column":2},"end":{"line":809,"column":3}}},"40":{"name":"(anonymous_59)","decl":{"start":{"line":816,"column":2},"end":{"line":816,"column":10}},"loc":{"start":{"line":816,"column":48},"end":{"line":840,"column":3}}},"41":{"name":"(anonymous_60)","decl":{"start":{"line":842,"column":2},"end":{"line":842,"column":10}},"loc":{"start":{"line":842,"column":62},"end":{"line":862,"column":3}}},"42":{"name":"(anonymous_61)","decl":{"start":{"line":864,"column":2},"end":{"line":864,"column":10}},"loc":{"start":{"line":864,"column":2},"end":{"line":868,"column":3}}},"43":{"name":"(anonymous_62)","decl":{"start":{"line":875,"column":2},"end":{"line":875,"column":10}},"loc":{"start":{"line":875,"column":46},"end":{"line":888,"column":3}}},"44":{"name":"(anonymous_63)","decl":{"start":{"line":890,"column":2},"end":{"line":890,"column":10}},"loc":{"start":{"line":890,"column":60},"end":{"line":900,"column":3}}},"45":{"name":"(anonymous_64)","decl":{"start":{"line":902,"column":2},"end":{"line":902,"column":10}},"loc":{"start":{"line":902,"column":50},"end":{"line":919,"column":3}}},"46":{"name":"(anonymous_65)","decl":{"start":{"line":926,"column":2},"end":{"line":926,"column":10}},"loc":{"start":{"line":926,"column":49},"end":{"line":941,"column":3}}},"47":{"name":"(anonymous_66)","decl":{"start":{"line":943,"column":2},"end":{"line":943,"column":10}},"loc":{"start":{"line":943,"column":63},"end":{"line":954,"column":3}}},"48":{"name":"(anonymous_67)","decl":{"start":{"line":961,"column":2},"end":{"line":961,"column":10}},"loc":{"start":{"line":961,"column":50},"end":{"line":976,"column":3}}},"49":{"name":"(anonymous_68)","decl":{"start":{"line":978,"column":2},"end":{"line":978,"column":10}},"loc":{"start":{"line":978,"column":64},"end":{"line":991,"column":3}}},"50":{"name":"(anonymous_69)","decl":{"start":{"line":998,"column":2},"end":{"line":998,"column":10}},"loc":{"start":{"line":998,"column":47},"end":{"line":1012,"column":3}}},"51":{"name":"(anonymous_70)","decl":{"start":{"line":1014,"column":2},"end":{"line":1014,"column":10}},"loc":{"start":{"line":1014,"column":61},"end":{"line":1027,"column":3}}},"52":{"name":"(anonymous_71)","decl":{"start":{"line":1029,"column":2},"end":{"line":1029,"column":10}},"loc":{"start":{"line":1029,"column":2},"end":{"line":1044,"column":3}}}},"branchMap":{"0":{"loc":{"start":{"line":56,"column":4},"end":{"line":59,"column":null}},"type":"if","locations":[{"start":{"line":56,"column":4},"end":{"line":59,"column":null}}]},"1":{"loc":{"start":{"line":89,"column":33},"end":{"line":89,"column":60}},"type":"switch","locations":[{"start":{"line":89,"column":33},"end":{"line":89,"column":60}}]},"2":{"loc":{"start":{"line":89,"column":19},"end":{"line":89,"column":32}},"type":"if","locations":[{"start":{"line":89,"column":19},"end":{"line":89,"column":32}}]},"3":{"loc":{"start":{"line":89,"column":19},"end":{"line":89,"column":32}},"type":"binary-expr","locations":[{"start":{"line":89,"column":19},"end":{"line":89,"column":32}},{"start":{"line":89,"column":19},"end":{"line":89,"column":32}}]},"4":{"loc":{"start":{"line":102,"column":4},"end":{"line":104,"column":null}},"type":"if","locations":[{"start":{"line":102,"column":4},"end":{"line":104,"column":null}}]},"5":{"loc":{"start":{"line":102,"column":8},"end":{"line":102,"column":58}},"type":"binary-expr","locations":[{"start":{"line":102,"column":8},"end":{"line":102,"column":13}},{"start":{"line":102,"column":17},"end":{"line":102,"column":43}},{"start":{"line":102,"column":47},"end":{"line":102,"column":58}}]},"6":{"loc":{"start":{"line":106,"column":4},"end":{"line":108,"column":null}},"type":"if","locations":[{"start":{"line":106,"column":4},"end":{"line":108,"column":null}}]},"7":{"loc":{"start":{"line":120,"column":21},"end":{"line":120,"column":null}},"type":"if","locations":[{"start":{"line":120,"column":21},"end":{"line":120,"column":null}}]},"8":{"loc":{"start":{"line":121,"column":4},"end":{"line":121,"column":30}},"type":"if","locations":[{"start":{"line":121,"column":4},"end":{"line":121,"column":30}}]},"9":{"loc":{"start":{"line":122,"column":25},"end":{"line":122,"column":64}},"type":"cond-expr","locations":[{"start":{"line":122,"column":51},"end":{"line":122,"column":55}},{"start":{"line":122,"column":55},"end":{"line":122,"column":64}}]},"10":{"loc":{"start":{"line":122,"column":25},"end":{"line":122,"column":55}},"type":"binary-expr","locations":[{"start":{"line":122,"column":25},"end":{"line":122,"column":55}},{"start":{"line":122,"column":51},"end":{"line":122,"column":55}}]},"11":{"loc":{"start":{"line":174,"column":4},"end":{"line":186,"column":null}},"type":"switch","locations":[{"start":{"line":175,"column":6},"end":{"line":178,"column":14}},{"start":{"line":179,"column":6},"end":{"line":182,"column":14}},{"start":{"line":183,"column":6},"end":{"line":185,"column":36}}]},"12":{"loc":{"start":{"line":198,"column":4},"end":{"line":198,"column":33}},"type":"if","locations":[{"start":{"line":198,"column":4},"end":{"line":198,"column":33}}]},"13":{"loc":{"start":{"line":200,"column":16},"end":{"line":200,"column":41}},"type":"cond-expr","locations":[{"start":{"line":200,"column":25},"end":{"line":200,"column":30}},{"start":{"line":200,"column":33},"end":{"line":200,"column":41}}]},"14":{"loc":{"start":{"line":216,"column":17},"end":{"line":216,"column":55}},"type":"cond-expr","locations":[{"start":{"line":216,"column":48},"end":{"line":216,"column":52}},{"start":{"line":216,"column":52},"end":{"line":216,"column":55}}]},"15":{"loc":{"start":{"line":216,"column":17},"end":{"line":216,"column":52}},"type":"binary-expr","locations":[{"start":{"line":216,"column":17},"end":{"line":216,"column":52}},{"start":{"line":216,"column":48},"end":{"line":216,"column":52}}]},"16":{"loc":{"start":{"line":216,"column":18},"end":{"line":216,"column":48}},"type":"cond-expr","locations":[{"start":{"line":216,"column":30},"end":{"line":216,"column":32}},{"start":{"line":216,"column":30},"end":{"line":216,"column":48}}]},"17":{"loc":{"start":{"line":216,"column":18},"end":{"line":216,"column":32}},"type":"binary-expr","locations":[{"start":{"line":216,"column":18},"end":{"line":216,"column":32}},{"start":{"line":216,"column":30},"end":{"line":216,"column":32}}]},"18":{"loc":{"start":{"line":228,"column":4},"end":{"line":228,"column":46}},"type":"if","locations":[{"start":{"line":228,"column":4},"end":{"line":228,"column":46}}]},"19":{"loc":{"start":{"line":248,"column":4},"end":{"line":248,"column":30}},"type":"if","locations":[{"start":{"line":248,"column":4},"end":{"line":248,"column":30}}]},"20":{"loc":{"start":{"line":253,"column":4},"end":{"line":253,"column":37}},"type":"cond-expr","locations":[{"start":{"line":253,"column":19},"end":{"line":253,"column":21}},{"start":{"line":253,"column":19},"end":{"line":253,"column":37}}]},"21":{"loc":{"start":{"line":253,"column":4},"end":{"line":253,"column":21}},"type":"binary-expr","locations":[{"start":{"line":253,"column":4},"end":{"line":253,"column":21}},{"start":{"line":253,"column":19},"end":{"line":253,"column":21}}]},"22":{"loc":{"start":{"line":271,"column":4},"end":{"line":271,"column":69}},"type":"if","locations":[{"start":{"line":271,"column":4},"end":{"line":271,"column":69}}]},"23":{"loc":{"start":{"line":280,"column":4},"end":{"line":280,"column":76}},"type":"if","locations":[{"start":{"line":280,"column":4},"end":{"line":280,"column":76}}]},"24":{"loc":{"start":{"line":285,"column":17},"end":{"line":285,"column":54}},"type":"cond-expr","locations":[{"start":{"line":285,"column":26},"end":{"line":285,"column":28}},{"start":{"line":285,"column":17},"end":{"line":285,"column":54}}]},"25":{"loc":{"start":{"line":285,"column":17},"end":{"line":285,"column":28}},"type":"binary-expr","locations":[{"start":{"line":285,"column":17},"end":{"line":285,"column":28}},{"start":{"line":285,"column":17},"end":{"line":285,"column":28}}]},"26":{"loc":{"start":{"line":303,"column":4},"end":{"line":303,"column":30}},"type":"if","locations":[{"start":{"line":303,"column":4},"end":{"line":303,"column":30}}]},"27":{"loc":{"start":{"line":310,"column":19},"end":{"line":310,"column":71}},"type":"cond-expr","locations":[{"start":{"line":310,"column":35},"end":{"line":310,"column":58}},{"start":{"line":310,"column":61},"end":{"line":310,"column":71}}]},"28":{"loc":{"start":{"line":311,"column":4},"end":{"line":314,"column":null}},"type":"if","locations":[{"start":{"line":311,"column":4},"end":{"line":314,"column":null}}]},"29":{"loc":{"start":{"line":311,"column":8},"end":{"line":311,"column":32}},"type":"binary-expr","locations":[{"start":{"line":311,"column":8},"end":{"line":311,"column":18}},{"start":{"line":311,"column":22},"end":{"line":311,"column":32}}]},"30":{"loc":{"start":{"line":350,"column":4},"end":{"line":350,"column":58}},"type":"cond-expr","locations":[{"start":{"line":350,"column":16},"end":{"line":350,"column":18}},{"start":{"line":350,"column":16},"end":{"line":350,"column":58}}]},"31":{"loc":{"start":{"line":350,"column":4},"end":{"line":350,"column":18}},"type":"binary-expr","locations":[{"start":{"line":350,"column":4},"end":{"line":350,"column":18}},{"start":{"line":350,"column":16},"end":{"line":350,"column":18}}]},"32":{"loc":{"start":{"line":375,"column":17},"end":{"line":375,"column":61}},"type":"cond-expr","locations":[{"start":{"line":375,"column":25},"end":{"line":375,"column":41}},{"start":{"line":375,"column":44},"end":{"line":375,"column":61}}]},"33":{"loc":{"start":{"line":426,"column":4},"end":{"line":428,"column":null}},"type":"if","locations":[{"start":{"line":426,"column":4},"end":{"line":428,"column":null}}]},"34":{"loc":{"start":{"line":427,"column":23},"end":{"line":427,"column":67}},"type":"cond-expr","locations":[{"start":{"line":427,"column":51},"end":{"line":427,"column":58}},{"start":{"line":427,"column":61},"end":{"line":427,"column":67}}]},"35":{"loc":{"start":{"line":529,"column":8},"end":{"line":529,"column":35}},"type":"cond-expr","locations":[{"start":{"line":529,"column":16},"end":{"line":529,"column":31}},{"start":{"line":529,"column":34},"end":{"line":529,"column":35}}]},"36":{"loc":{"start":{"line":585,"column":17},"end":{"line":585,"column":41}},"type":"cond-expr","locations":[{"start":{"line":585,"column":25},"end":{"line":585,"column":31}},{"start":{"line":585,"column":34},"end":{"line":585,"column":41}}]},"37":{"loc":{"start":{"line":663,"column":22},"end":{"line":663,"column":63}},"type":"cond-expr","locations":[{"start":{"line":663,"column":47},"end":{"line":663,"column":53}},{"start":{"line":663,"column":56},"end":{"line":663,"column":63}}]},"38":{"loc":{"start":{"line":777,"column":17},"end":{"line":777,"column":42}},"type":"cond-expr","locations":[{"start":{"line":777,"column":26},"end":{"line":777,"column":32}},{"start":{"line":777,"column":35},"end":{"line":777,"column":42}}]},"39":{"loc":{"start":{"line":833,"column":17},"end":{"line":833,"column":58}},"type":"cond-expr","locations":[{"start":{"line":833,"column":42},"end":{"line":833,"column":48}},{"start":{"line":833,"column":51},"end":{"line":833,"column":58}}]},"40":{"loc":{"start":{"line":1037,"column":37},"end":{"line":1037,"column":58}},"type":"cond-expr","locations":[{"start":{"line":1037,"column":53},"end":{"line":1037,"column":55}},{"start":{"line":1037,"column":53},"end":{"line":1037,"column":58}}]},"41":{"loc":{"start":{"line":1037,"column":37},"end":{"line":1037,"column":55}},"type":"binary-expr","locations":[{"start":{"line":1037,"column":37},"end":{"line":1037,"column":55}},{"start":{"line":1037,"column":53},"end":{"line":1037,"column":55}}]},"42":{"loc":{"start":{"line":1039,"column":4},"end":{"line":1039,"column":47}},"type":"cond-expr","locations":[{"start":{"line":1039,"column":18},"end":{"line":1039,"column":20}},{"start":{"line":1039,"column":18},"end":{"line":1039,"column":47}}]},"43":{"loc":{"start":{"line":1039,"column":4},"end":{"line":1039,"column":20}},"type":"binary-expr","locations":[{"start":{"line":1039,"column":4},"end":{"line":1039,"column":20}},{"start":{"line":1039,"column":18},"end":{"line":1039,"column":20}}]}},"s":{"0":1,"1":1,"2":1,"3":1,"4":1,"5":0,"6":0,"7":0,"8":0,"9":0,"10":0,"11":0,"12":0,"13":0,"14":0,"15":0,"16":0,"17":0,"18":1,"19":0,"20":1,"21":0,"22":0,"23":0,"24":0,"25":0,"26":0,"27":0,"28":0,"29":0,"30":0,"31":0,"32":0,"33":1,"34":0,"35":0,"36":0,"37":0,"38":0,"39":0,"40":1,"41":0,"42":0,"43":0,"44":0,"45":0,"46":0,"47":0,"48":0,"49":1,"50":0,"51":0,"52":0,"53":0,"54":1,"55":0,"56":0,"57":0,"58":0,"59":1,"60":0,"61":0,"62":0,"63":0,"64":0,"65":0,"66":0,"67":0,"68":0,"69":0,"70":0,"71":1,"72":0,"73":0,"74":0,"75":0,"76":0,"77":0,"78":1,"79":0,"80":0,"81":1,"82":0,"83":0,"84":0,"85":0,"86":0,"87":0,"88":1,"89":0,"90":0,"91":0,"92":0,"93":0,"94":0,"95":0,"96":0,"97":0,"98":1,"99":0,"100":0,"101":0,"102":0,"103":0,"104":0,"105":0,"106":0,"107":0,"108":0,"109":0,"110":0,"111":0,"112":1,"113":0,"114":0,"115":0,"116":1,"117":0,"118":0,"119":0,"120":0,"121":0,"122":0,"123":0,"124":0,"125":0,"126":0,"127":0,"128":0,"129":0,"130":0,"131":0,"132":0,"133":0,"134":0,"135":0,"136":1,"137":0,"138":0,"139":0,"140":0,"141":0,"142":0,"143":0,"144":0,"145":1,"146":0,"147":0,"148":0,"149":0,"150":0,"151":0,"152":1,"153":0,"154":0,"155":0,"156":0,"157":0,"158":0,"159":1,"160":0,"161":0,"162":0,"163":0,"164":0,"165":0,"166":0,"167":0,"168":0,"169":0,"170":0,"171":1,"172":0,"173":0,"174":0,"175":0,"176":0,"177":0,"178":0,"179":1,"180":0,"181":0,"182":0,"183":0,"184":0,"185":1,"186":0,"187":0,"188":0,"189":0,"190":0,"191":1,"192":0,"193":0,"194":0,"195":0,"196":0,"197":0,"198":0,"199":0,"200":0,"201":0,"202":0,"203":0,"204":0,"205":0,"206":0,"207":0,"208":0,"209":0,"210":0,"211":0,"212":0,"213":0,"214":0,"215":0,"216":0,"217":0,"218":0,"219":1,"220":0,"221":0,"222":0,"223":0,"224":0,"225":0,"226":0,"227":0,"228":0,"229":0,"230":0,"231":0,"232":1,"233":0,"234":0,"235":0,"236":0,"237":0,"238":0,"239":0,"240":1,"241":0,"242":0,"243":0,"244":0,"245":0,"246":0,"247":0,"248":0,"249":0,"250":0,"251":0,"252":0,"253":0,"254":0,"255":0,"256":0,"257":0,"258":0,"259":0,"260":0,"261":0,"262":0,"263":0,"264":0,"265":0,"266":0,"267":0,"268":0,"269":1,"270":0,"271":0,"272":0,"273":0,"274":0,"275":0,"276":0,"277":0,"278":0,"279":0,"280":0,"281":0,"282":1,"283":0,"284":0,"285":0,"286":0,"287":0,"288":0,"289":0,"290":1,"291":0,"292":0,"293":0,"294":0,"295":0,"296":0,"297":0,"298":0,"299":0,"300":0,"301":0,"302":0,"303":1,"304":0,"305":0,"306":0,"307":0,"308":1,"309":0,"310":0,"311":0,"312":0,"313":0,"314":1,"315":0,"316":0,"317":0,"318":0,"319":0,"320":0,"321":1,"322":0,"323":0,"324":0,"325":0,"326":0,"327":0,"328":0,"329":0,"330":0,"331":0,"332":1,"333":0,"334":0,"335":0,"336":0,"337":0,"338":0,"339":0,"340":1,"341":0,"342":0,"343":0,"344":0,"345":0,"346":0,"347":0,"348":0,"349":0,"350":0,"351":0,"352":0,"353":0,"354":0,"355":0,"356":1,"357":0,"358":0,"359":0,"360":1,"361":0,"362":0,"363":0,"364":0,"365":0,"366":0,"367":0,"368":1,"369":0,"370":0,"371":0,"372":0,"373":0,"374":0,"375":0,"376":0,"377":0,"378":0,"379":0,"380":0,"381":0,"382":0,"383":0,"384":0,"385":0,"386":0,"387":0,"388":1,"389":0,"390":0,"391":0,"392":1,"393":0,"394":0,"395":0,"396":0,"397":1,"398":0,"399":0,"400":0,"401":0,"402":0,"403":0,"404":0,"405":0,"406":1,"407":0,"408":0,"409":0,"410":0,"411":0,"412":1,"413":0,"414":0,"415":0,"416":0,"417":0,"418":0,"419":0,"420":1,"421":0,"422":0,"423":0,"424":0,"425":0,"426":0,"427":0,"428":0,"429":0,"430":1,"431":0,"432":0,"433":0,"434":0,"435":0,"436":0,"437":0,"438":0,"439":1,"440":0,"441":0,"442":0,"443":0,"444":0,"445":0,"446":0,"447":0,"448":0,"449":0,"450":0,"451":1,"452":0,"453":0,"454":0,"455":0,"456":1,"457":0,"458":0,"459":0,"460":0,"461":0,"462":0,"463":0,"464":0,"465":0,"466":1,"467":0,"468":0,"469":0,"470":0,"471":0,"472":0,"473":0,"474":0,"475":0,"476":0,"477":0,"478":1,"479":1,"480":1,"481":1,"482":1},"f":{"0":1,"1":0,"2":0,"3":0,"4":0,"5":0,"6":0,"7":0,"8":0,"9":0,"10":0,"11":0,"12":0,"13":0,"14":0,"15":0,"16":0,"17":0,"18":0,"19":0,"20":0,"21":0,"22":0,"23":0,"24":0,"25":0,"26":0,"27":0,"28":0,"29":0,"30":0,"31":0,"32":0,"33":0,"34":0,"35":0,"36":0,"37":0,"38":0,"39":0,"40":0,"41":0,"42":0,"43":0,"44":0,"45":0,"46":0,"47":0,"48":0,"49":0,"50":0,"51":0,"52":0},"b":{"0":[0],"1":[0],"2":[0],"3":[0,0],"4":[0],"5":[0,0,0],"6":[0],"7":[0],"8":[0],"9":[0,0],"10":[0,0],"11":[0,0,0],"12":[0],"13":[0,0],"14":[0,0],"15":[0,0],"16":[0,0],"17":[0,0],"18":[0],"19":[0],"20":[0,0],"21":[0,0],"22":[0],"23":[0],"24":[0,0],"25":[0,0],"26":[0],"27":[0,0],"28":[0],"29":[0,0],"30":[0,0],"31":[0,0],"32":[0,0],"33":[0],"34":[0,0],"35":[0,0],"36":[0,0],"37":[0,0],"38":[0,0],"39":[0,0],"40":[0,0],"41":[0,0],"42":[0,0],"43":[0,0]}}
,"/Users/works/raise/anets/src/util.ts": {"path":"/Users/works/raise/anets/src/util.ts","statementMap":{"0":{"start":{"line":1,"column":0},"end":{"line":1,"column":59}},"1":{"start":{"line":2,"column":0},"end":{"line":2,"column":28}},"2":{"start":{"line":4,"column":36},"end":{"line":4,"column":41}},"3":{"start":{"line":12,"column":15},"end":{"line":12,"column":25}},"4":{"start":{"line":13,"column":2},"end":{"line":15,"column":null}},"5":{"start":{"line":14,"column":4},"end":{"line":14,"column":16}},"6":{"start":{"line":17,"column":2},"end":{"line":20,"column":25}},"7":{"start":{"line":162,"column":2},"end":{"line":162,"column":9}},"8":{"start":{"line":30,"column":4},"end":{"line":33,"column":5}},"9":{"start":{"line":32,"column":6},"end":{"line":32,"column":39}},"10":{"start":{"line":35,"column":2},"end":{"line":35,"column":34}},"11":{"start":{"line":163,"column":2},"end":{"line":163,"column":29}},"12":{"start":{"line":45,"column":4},"end":{"line":48,"column":5}},"13":{"start":{"line":47,"column":6},"end":{"line":47,"column":23}},"14":{"start":{"line":49,"column":2},"end":{"line":49,"column":29}},"15":{"start":{"line":164,"column":2},"end":{"line":164,"column":28}},"16":{"start":{"line":56,"column":16},"end":{"line":56,"column":47}},"17":{"start":{"line":57,"column":2},"end":{"line":57,"column":57}},"18":{"start":{"line":58,"column":2},"end":{"line":58,"column":40}},"19":{"start":{"line":59,"column":2},"end":{"line":59,"column":35}},"20":{"start":{"line":161,"column":2},"end":{"line":161,"column":16}},"21":{"start":{"line":67,"column":24},"end":{"line":67,"column":42}},"22":{"start":{"line":68,"column":2},"end":{"line":68,"column":38}},"23":{"start":{"line":159,"column":2},"end":{"line":159,"column":15}},"24":{"start":{"line":76,"column":35},"end":{"line":76,"column":39}},"25":{"start":{"line":77,"column":17},"end":{"line":77,"column":69}},"26":{"start":{"line":79,"column":2},"end":{"line":79,"column":56}},"27":{"start":{"line":160,"column":2},"end":{"line":160,"column":15}},"28":{"start":{"line":83,"column":2},"end":{"line":83,"column":48}},"29":{"start":{"line":87,"column":2},"end":{"line":87,"column":40}},"30":{"start":{"line":97,"column":14},"end":{"line":97,"column":48}},"31":{"start":{"line":98,"column":14},"end":{"line":98,"column":39}},"32":{"start":{"line":99,"column":2},"end":{"line":99,"column":13}},"33":{"start":{"line":155,"column":2},"end":{"line":155,"column":5}},"34":{"start":{"line":109,"column":17},"end":{"line":109,"column":42}},"35":{"start":{"line":110,"column":14},"end":{"line":110,"column":29}},"36":{"start":{"line":111,"column":14},"end":{"line":111,"column":57}},"37":{"start":{"line":112,"column":2},"end":{"line":112,"column":32}},"38":{"start":{"line":156,"column":2},"end":{"line":156,"column":10}},"39":{"start":{"line":122,"column":20},"end":{"line":122,"column":41}},"40":{"start":{"line":123,"column":2},"end":{"line":123,"column":52}},"41":{"start":{"line":157,"column":2},"end":{"line":157,"column":10}},"42":{"start":{"line":133,"column":20},"end":{"line":133,"column":41}},"43":{"start":{"line":134,"column":2},"end":{"line":134,"column":57}},"44":{"start":{"line":158,"column":2},"end":{"line":158,"column":8}},"45":{"start":{"line":142,"column":28},"end":{"line":142,"column":null}},"46":{"start":{"line":143,"column":18},"end":{"line":143,"column":57}},"47":{"start":{"line":143,"column":55},"end":{"line":143,"column":57}},"48":{"start":{"line":144,"column":2},"end":{"line":150,"column":null}},"49":{"start":{"line":144,"column":15},"end":{"line":144,"column":33}},"50":{"start":{"line":145,"column":16},"end":{"line":145,"column":41}},"51":{"start":{"line":146,"column":17},"end":{"line":146,"column":29}},"52":{"start":{"line":147,"column":4},"end":{"line":147,"column":30}},"53":{"start":{"line":148,"column":4},"end":{"line":148,"column":22}},"54":{"start":{"line":151,"column":2},"end":{"line":151,"column":17}},"55":{"start":{"line":165,"column":2},"end":{"line":165,"column":20}}},"fnMap":{"0":{"name":"getType","decl":{"start":{"line":11,"column":9},"end":{"line":11,"column":16}},"loc":{"start":{"line":11,"column":29},"end":{"line":21,"column":1}}},"1":{"name":"requestAnimationFrameCustom","decl":{"start":{"line":28,"column":9},"end":{"line":28,"column":36}},"loc":{"start":{"line":28,"column":67},"end":{"line":36,"column":1}}},"2":{"name":"(anonymous_3)","decl":{"start":{"line":31,"column":4},"end":{"line":31,"column":14}},"loc":{"start":{"line":31,"column":38},"end":{"line":33,"column":5}}},"3":{"name":"cancelAnimationFrameCustom","decl":{"start":{"line":43,"column":9},"end":{"line":43,"column":35}},"loc":{"start":{"line":43,"column":50},"end":{"line":50,"column":1}}},"4":{"name":"(anonymous_5)","decl":{"start":{"line":46,"column":4},"end":{"line":46,"column":14}},"loc":{"start":{"line":46,"column":24},"end":{"line":48,"column":5}}},"5":{"name":"addGlobalStyle","decl":{"start":{"line":55,"column":9},"end":{"line":55,"column":23}},"loc":{"start":{"line":55,"column":23},"end":{"line":60,"column":1}}},"6":{"name":"removeElement","decl":{"start":{"line":66,"column":9},"end":{"line":66,"column":22}},"loc":{"start":{"line":66,"column":39},"end":{"line":69,"column":1}}},"7":{"name":"dispatchEvent","decl":{"start":{"line":75,"column":9},"end":{"line":75,"column":22}},"loc":{"start":{"line":75,"column":43},"end":{"line":80,"column":1}}},"8":{"name":"decLen","decl":{"start":{"line":82,"column":9},"end":{"line":82,"column":15}},"loc":{"start":{"line":82,"column":27},"end":{"line":84,"column":1}}},"9":{"name":"reint","decl":{"start":{"line":86,"column":9},"end":{"line":86,"column":14}},"loc":{"start":{"line":86,"column":26},"end":{"line":88,"column":1}}},"10":{"name":"add","decl":{"start":{"line":96,"column":9},"end":{"line":96,"column":12}},"loc":{"start":{"line":96,"column":33},"end":{"line":100,"column":1}}},"11":{"name":"subtract","decl":{"start":{"line":108,"column":9},"end":{"line":108,"column":17}},"loc":{"start":{"line":108,"column":38},"end":{"line":113,"column":1}}},"12":{"name":"multiply","decl":{"start":{"line":121,"column":9},"end":{"line":121,"column":17}},"loc":{"start":{"line":121,"column":38},"end":{"line":124,"column":1}}},"13":{"name":"divide","decl":{"start":{"line":132,"column":9},"end":{"line":132,"column":15}},"loc":{"start":{"line":132,"column":36},"end":{"line":135,"column":1}}},"14":{"name":"getRandomArrayList","decl":{"start":{"line":142,"column":9},"end":{"line":142,"column":27}},"loc":{"start":{"line":142,"column":35},"end":{"line":152,"column":1}}},"15":{"name":"(anonymous_16)","decl":{"start":{"line":143,"column":45},"end":{"line":143,"column":46}},"loc":{"start":{"line":143,"column":50},"end":{"line":143,"column":56}}}},"branchMap":{"0":{"loc":{"start":{"line":13,"column":2},"end":{"line":15,"column":null}},"type":"if","locations":[{"start":{"line":13,"column":2},"end":{"line":15,"column":null}}]},"1":{"loc":{"start":{"line":30,"column":4},"end":{"line":33,"column":5}},"type":"binary-expr","locations":[{"start":{"line":30,"column":4},"end":{"line":30,"column":32}},{"start":{"line":31,"column":4},"end":{"line":33,"column":5}}]},"2":{"loc":{"start":{"line":45,"column":4},"end":{"line":48,"column":5}},"type":"binary-expr","locations":[{"start":{"line":45,"column":4},"end":{"line":45,"column":31}},{"start":{"line":46,"column":4},"end":{"line":48,"column":5}}]},"3":{"loc":{"start":{"line":68,"column":2},"end":{"line":68,"column":37}},"type":"cond-expr","locations":[{"start":{"line":68,"column":15},"end":{"line":68,"column":17}},{"start":{"line":68,"column":2},"end":{"line":68,"column":37}}]},"4":{"loc":{"start":{"line":68,"column":2},"end":{"line":68,"column":17}},"type":"binary-expr","locations":[{"start":{"line":68,"column":2},"end":{"line":68,"column":17}},{"start":{"line":68,"column":2},"end":{"line":68,"column":17}}]},"5":{"loc":{"start":{"line":79,"column":2},"end":{"line":79,"column":55}},"type":"cond-expr","locations":[{"start":{"line":79,"column":24},"end":{"line":79,"column":26}},{"start":{"line":79,"column":24},"end":{"line":79,"column":55}}]},"6":{"loc":{"start":{"line":79,"column":2},"end":{"line":79,"column":26}},"type":"binary-expr","locations":[{"start":{"line":79,"column":2},"end":{"line":79,"column":26}},{"start":{"line":79,"column":24},"end":{"line":79,"column":26}}]},"7":{"loc":{"start":{"line":79,"column":31},"end":{"line":79,"column":45}},"type":"cond-expr","locations":[{"start":{"line":79,"column":31},"end":{"line":79,"column":36}},{"start":{"line":79,"column":40},"end":{"line":79,"column":45}}]},"8":{"loc":{"start":{"line":79,"column":31},"end":{"line":79,"column":40}},"type":"binary-expr","locations":[{"start":{"line":79,"column":31},"end":{"line":79,"column":40}},{"start":{"line":79,"column":31},"end":{"line":79,"column":40}}]},"9":{"loc":{"start":{"line":83,"column":9},"end":{"line":83,"column":47}},"type":"cond-expr","locations":[{"start":{"line":83,"column":42},"end":{"line":83,"column":46}},{"start":{"line":83,"column":46},"end":{"line":83,"column":47}}]},"10":{"loc":{"start":{"line":83,"column":9},"end":{"line":83,"column":46}},"type":"binary-expr","locations":[{"start":{"line":83,"column":9},"end":{"line":83,"column":46}},{"start":{"line":83,"column":42},"end":{"line":83,"column":46}}]},"11":{"loc":{"start":{"line":83,"column":9},"end":{"line":83,"column":42}},"type":"cond-expr","locations":[{"start":{"line":83,"column":34},"end":{"line":83,"column":36}},{"start":{"line":83,"column":34},"end":{"line":83,"column":42}}]},"12":{"loc":{"start":{"line":83,"column":9},"end":{"line":83,"column":36}},"type":"binary-expr","locations":[{"start":{"line":83,"column":9},"end":{"line":83,"column":36}},{"start":{"line":83,"column":34},"end":{"line":83,"column":36}}]},"13":{"loc":{"start":{"line":142,"column":28},"end":{"line":142,"column":null}},"type":"if","locations":[{"start":{"line":142,"column":28},"end":{"line":142,"column":null}}]}},"s":{"0":1,"1":1,"2":4,"3":6,"4":6,"5":4,"6":2,"7":1,"8":0,"9":0,"10":0,"11":1,"12":0,"13":0,"14":0,"15":1,"16":0,"17":0,"18":0,"19":0,"20":1,"21":1,"22":1,"23":1,"24":0,"25":0,"26":0,"27":1,"28":8,"29":4,"30":1,"31":1,"32":1,"33":1,"34":1,"35":1,"36":1,"37":1,"38":1,"39":1,"40":1,"41":1,"42":1,"43":1,"44":1,"45":1,"46":1,"47":256,"48":1,"49":1,"50":255,"51":255,"52":255,"53":255,"54":1,"55":1},"f":{"0":6,"1":0,"2":0,"3":0,"4":0,"5":0,"6":1,"7":0,"8":8,"9":4,"10":1,"11":1,"12":1,"13":1,"14":1,"15":256},"b":{"0":[4],"1":[0,0],"2":[0,0],"3":[0,1],"4":[1,1],"5":[0,0],"6":[0,0],"7":[0,0],"8":[0,0],"9":[7,1],"10":[8,8],"11":[1,7],"12":[8,8],"13":[0]}}
}
