TN:
SF:src/global.ts
FN:2,(anonymous_0)
FN:18,(anonymous_1)
FN:38,(anonymous_2)
FN:44,(anonymous_3)
FN:51,(anonymous_4)
FNF:5
FNH:5
FNDA:1,(anonymous_0)
FNDA:1,(anonymous_1)
FNDA:1,(anonymous_2)
FNDA:1,(anonymous_3)
FNDA:1,(anonymous_4)
DA:2,1
DA:3,1
DA:4,1
DA:5,1
DA:6,1
DA:7,1
DA:8,1
DA:9,1
DA:10,1
DA:11,1
DA:12,1
DA:13,1
DA:14,1
DA:15,1
DA:18,1
DA:19,1
DA:20,1
DA:21,1
DA:22,1
DA:23,1
DA:24,1
DA:25,1
DA:26,1
DA:27,1
DA:28,1
DA:29,1
DA:30,1
DA:31,1
DA:32,1
DA:33,1
DA:34,1
DA:35,1
DA:38,1
DA:39,1
DA:40,1
DA:41,1
DA:44,1
DA:45,1
DA:46,1
DA:47,1
DA:48,1
DA:51,1
DA:52,1
DA:53,1
DA:56,1
DA:58,1
DA:59,1
LF:47
LH:47
BRDA:2,0,0,1
BRDA:2,0,1,1
BRDA:18,1,0,1
BRDA:18,1,1,1
BRDA:38,2,0,1
BRDA:38,2,1,1
BRDA:44,3,0,1
BRDA:44,3,1,1
BRDA:51,4,0,1
BRDA:51,4,1,1
BRF:10
BRH:10
end_of_record
TN:
SF:src/index.ts
FN:33,(anonymous_15)
FN:52,Anets
FN:71,(anonymous_17)
FN:75,(anonymous_18)
FN:101,(anonymous_21)
FN:120,(anonymous_22)
FN:140,(anonymous_23)
FN:156,(anonymous_24)
FN:171,(anonymous_25)
FN:197,(anonymous_26)
FN:202,(anonymous_27)
FN:215,(anonymous_28)
FN:227,(anonymous_29)
FN:247,(anonymous_32)
FN:265,(anonymous_33)
FN:273,(anonymous_34)
FN:274,(anonymous_35)
FN:296,(anonymous_36)
FN:302,(anonymous_37)
FN:331,(anonymous_38)
FN:360,(anonymous_39)
FN:385,(anonymous_40)
FN:401,(anonymous_41)
FN:434,(anonymous_42)
FN:450,(anonymous_43)
FN:477,(anonymous_44)
FN:498,(anonymous_45)
FN:542,(anonymous_46)
FN:571,(anonymous_47)
FN:594,(anonymous_48)
FN:628,(anonymous_49)
FN:655,(anonymous_50)
FN:678,(anonymous_51)
FN:696,(anonymous_52)
FN:708,(anonymous_53)
FN:731,(anonymous_54)
FN:741,(anonymous_55)
FN:762,(anonymous_56)
FN:786,(anonymous_57)
FN:805,(anonymous_58)
FN:816,(anonymous_59)
FN:842,(anonymous_60)
FN:864,(anonymous_61)
FN:875,(anonymous_62)
FN:890,(anonymous_63)
FN:902,(anonymous_64)
FN:926,(anonymous_65)
FN:943,(anonymous_66)
FN:961,(anonymous_67)
FN:978,(anonymous_68)
FN:998,(anonymous_69)
FN:1014,(anonymous_70)
FN:1029,(anonymous_71)
FNF:53
FNH:1
FNDA:1,(anonymous_15)
FNDA:0,Anets
FNDA:0,(anonymous_17)
FNDA:0,(anonymous_18)
FNDA:0,(anonymous_21)
FNDA:0,(anonymous_22)
FNDA:0,(anonymous_23)
FNDA:0,(anonymous_24)
FNDA:0,(anonymous_25)
FNDA:0,(anonymous_26)
FNDA:0,(anonymous_27)
FNDA:0,(anonymous_28)
FNDA:0,(anonymous_29)
FNDA:0,(anonymous_32)
FNDA:0,(anonymous_33)
FNDA:0,(anonymous_34)
FNDA:0,(anonymous_35)
FNDA:0,(anonymous_36)
FNDA:0,(anonymous_37)
FNDA:0,(anonymous_38)
FNDA:0,(anonymous_39)
FNDA:0,(anonymous_40)
FNDA:0,(anonymous_41)
FNDA:0,(anonymous_42)
FNDA:0,(anonymous_43)
FNDA:0,(anonymous_44)
FNDA:0,(anonymous_45)
FNDA:0,(anonymous_46)
FNDA:0,(anonymous_47)
FNDA:0,(anonymous_48)
FNDA:0,(anonymous_49)
FNDA:0,(anonymous_50)
FNDA:0,(anonymous_51)
FNDA:0,(anonymous_52)
FNDA:0,(anonymous_53)
FNDA:0,(anonymous_54)
FNDA:0,(anonymous_55)
FNDA:0,(anonymous_56)
FNDA:0,(anonymous_57)
FNDA:0,(anonymous_58)
FNDA:0,(anonymous_59)
FNDA:0,(anonymous_60)
FNDA:0,(anonymous_61)
FNDA:0,(anonymous_62)
FNDA:0,(anonymous_63)
FNDA:0,(anonymous_64)
FNDA:0,(anonymous_65)
FNDA:0,(anonymous_66)
FNDA:0,(anonymous_67)
FNDA:0,(anonymous_68)
FNDA:0,(anonymous_69)
FNDA:0,(anonymous_70)
FNDA:0,(anonymous_71)
DA:1,1
DA:2,1
DA:13,1
DA:31,1
DA:33,1
DA:40,1
DA:42,0
DA:44,0
DA:46,0
DA:48,1
DA:50,1
DA:53,0
DA:54,0
DA:56,0
DA:57,0
DA:58,0
DA:61,0
DA:63,0
DA:64,0
DA:66,0
DA:67,0
DA:71,1
DA:72,0
DA:75,1
DA:76,0
DA:78,0
DA:83,0
DA:85,0
DA:87,0
DA:89,0
DA:91,0
DA:101,1
DA:102,0
DA:103,0
DA:105,0
DA:106,0
DA:107,0
DA:109,0
DA:120,1
DA:121,0
DA:122,0
DA:123,0
DA:126,0
DA:127,0
DA:128,0
DA:140,1
DA:141,0
DA:142,0
DA:143,0
DA:144,0
DA:156,1
DA:157,0
DA:158,0
DA:159,0
DA:160,0
DA:171,1
DA:172,0
DA:173,0
DA:174,0
DA:176,0
DA:177,0
DA:178,0
DA:180,0
DA:181,0
DA:182,0
DA:184,0
DA:185,0
DA:197,1
DA:198,0
DA:199,0
DA:200,0
DA:202,0
DA:203,0
DA:215,1
DA:216,0
DA:217,0
DA:227,1
DA:228,0
DA:229,0
DA:236,0
DA:237,0
DA:247,1
DA:248,0
DA:249,0
DA:250,0
DA:252,0
DA:253,0
DA:255,0
DA:265,1
DA:270,0
DA:271,0
DA:273,0
DA:274,0
DA:276,0
DA:277,0
DA:278,0
DA:280,0
DA:282,0
DA:296,1
DA:297,0
DA:298,0
DA:299,0
DA:302,1
DA:303,0
DA:304,0
DA:305,0
DA:307,0
DA:310,0
DA:311,0
DA:312,0
DA:313,0
DA:316,0
DA:317,0
DA:319,0
DA:320,0
DA:321,0
DA:322,0
DA:324,0
DA:325,0
DA:331,1
DA:332,0
DA:347,0
DA:348,0
DA:349,0
DA:350,0
DA:360,1
DA:361,0
DA:362,0
DA:369,0
DA:370,0
DA:381,0
DA:382,0
DA:385,1
DA:386,0
DA:387,0
DA:388,0
DA:390,0
DA:392,0
DA:393,0
DA:401,1
DA:402,0
DA:403,0
DA:404,0
DA:405,0
DA:406,0
DA:413,0
DA:422,0
DA:426,0
DA:427,0
DA:430,0
DA:431,0
DA:434,1
DA:435,0
DA:436,0
DA:437,0
DA:439,0
DA:440,0
DA:441,0
DA:442,0
DA:450,1
DA:451,0
DA:452,0
DA:457,0
DA:468,0
DA:469,0
DA:477,1
DA:478,0
DA:479,0
DA:483,0
DA:494,0
DA:495,0
DA:498,1
DA:499,0
DA:500,0
DA:504,0
DA:506,0
DA:507,0
DA:509,0
DA:510,0
DA:512,0
DA:513,0
DA:514,0
DA:516,0
DA:517,0
DA:518,0
DA:520,0
DA:521,0
DA:524,0
DA:525,0
DA:527,0
DA:534,0
DA:542,1
DA:545,0
DA:546,0
DA:547,0
DA:549,0
DA:551,0
DA:552,0
DA:553,0
DA:554,0
DA:559,0
DA:571,1
DA:572,0
DA:573,0
DA:574,0
DA:580,0
DA:582,0
DA:589,0
DA:591,0
DA:594,1
DA:595,0
DA:597,0
DA:598,0
DA:599,0
DA:600,0
DA:602,0
DA:603,0
DA:605,0
DA:606,0
DA:607,0
DA:608,0
DA:610,0
DA:611,0
DA:612,0
DA:613,0
DA:614,0
DA:618,0
DA:619,0
DA:620,0
DA:621,0
DA:625,0
DA:628,1
DA:629,0
DA:630,0
DA:631,0
DA:633,0
DA:634,0
DA:635,0
DA:638,0
DA:639,0
DA:640,0
DA:642,0
DA:655,1
DA:656,0
DA:657,0
DA:658,0
DA:663,0
DA:665,0
DA:673,0
DA:675,0
DA:678,1
DA:679,0
DA:683,0
DA:684,0
DA:686,0
DA:688,0
DA:689,0
DA:690,0
DA:691,0
DA:693,0
DA:696,1
DA:697,0
DA:698,0
DA:699,0
DA:700,0
DA:708,1
DA:709,0
DA:710,0
DA:717,0
DA:726,0
DA:728,0
DA:731,1
DA:732,0
DA:735,0
DA:736,0
DA:738,0
DA:741,1
DA:742,0
DA:743,0
DA:744,0
DA:746,0
DA:747,0
DA:748,0
DA:750,0
DA:753,0
DA:754,0
DA:762,1
DA:763,0
DA:764,0
DA:765,0
DA:770,0
DA:773,0
DA:781,0
DA:783,0
DA:786,1
DA:787,0
DA:788,0
DA:790,0
DA:791,0
DA:792,0
DA:793,0
DA:794,0
DA:795,0
DA:796,0
DA:797,0
DA:798,0
DA:799,0
DA:800,0
DA:801,0
DA:802,0
DA:805,1
DA:806,0
DA:807,0
DA:808,0
DA:816,1
DA:817,0
DA:818,0
DA:819,0
DA:820,0
DA:828,0
DA:837,0
DA:839,0
DA:842,1
DA:843,0
DA:844,0
DA:845,0
DA:846,0
DA:847,0
DA:848,0
DA:849,0
DA:850,0
DA:851,0
DA:852,0
DA:853,0
DA:854,0
DA:855,0
DA:856,0
DA:857,0
DA:859,0
DA:860,0
DA:861,0
DA:864,1
DA:865,0
DA:866,0
DA:867,0
DA:875,1
DA:876,0
DA:877,0
DA:885,0
DA:887,0
DA:890,1
DA:891,0
DA:892,0
DA:893,0
DA:895,0
DA:896,0
DA:897,0
DA:898,0
DA:899,0
DA:902,1
DA:903,0
DA:904,0
DA:905,0
DA:912,0
DA:918,0
DA:926,1
DA:927,0
DA:928,0
DA:929,0
DA:937,0
DA:938,0
DA:939,0
DA:940,0
DA:943,1
DA:944,0
DA:945,0
DA:946,0
DA:948,0
DA:949,0
DA:950,0
DA:951,0
DA:952,0
DA:953,0
DA:961,1
DA:962,0
DA:964,0
DA:972,0
DA:973,0
DA:974,0
DA:975,0
DA:978,1
DA:979,0
DA:980,0
DA:982,0
DA:983,0
DA:984,0
DA:985,0
DA:986,0
DA:987,0
DA:988,0
DA:989,0
DA:990,0
DA:998,1
DA:999,0
DA:1001,0
DA:1009,0
DA:1011,0
DA:1014,1
DA:1015,0
DA:1016,0
DA:1018,0
DA:1020,0
DA:1021,0
DA:1023,0
DA:1024,0
DA:1025,0
DA:1026,0
DA:1029,1
DA:1030,0
DA:1031,0
DA:1032,0
DA:1033,0
DA:1037,0
DA:1038,0
DA:1039,0
DA:1040,0
DA:1041,0
DA:1042,0
DA:1043,0
DA:1045,1
DA:1047,1
LF:431
LH:58
BRDA:56,0,0,0
BRDA:89,1,0,0
BRDA:89,2,0,0
BRDA:89,3,0,0
BRDA:89,3,1,0
BRDA:102,4,0,0
BRDA:102,5,0,0
BRDA:102,5,1,0
BRDA:102,5,2,0
BRDA:106,6,0,0
BRDA:120,7,0,0
BRDA:121,8,0,0
BRDA:122,9,0,0
BRDA:122,9,1,0
BRDA:122,10,0,0
BRDA:122,10,1,0
BRDA:174,11,0,0
BRDA:174,11,1,0
BRDA:174,11,2,0
BRDA:198,12,0,0
BRDA:200,13,0,0
BRDA:200,13,1,0
BRDA:216,14,0,0
BRDA:216,14,1,0
BRDA:216,15,0,0
BRDA:216,15,1,0
BRDA:216,16,0,0
BRDA:216,16,1,0
BRDA:216,17,0,0
BRDA:216,17,1,0
BRDA:228,18,0,0
BRDA:248,19,0,0
BRDA:253,20,0,0
BRDA:253,20,1,0
BRDA:253,21,0,0
BRDA:253,21,1,0
BRDA:271,22,0,0
BRDA:280,23,0,0
BRDA:285,24,0,0
BRDA:285,24,1,0
BRDA:285,25,0,0
BRDA:285,25,1,0
BRDA:303,26,0,0
BRDA:310,27,0,0
BRDA:310,27,1,0
BRDA:311,28,0,0
BRDA:311,29,0,0
BRDA:311,29,1,0
BRDA:350,30,0,0
BRDA:350,30,1,0
BRDA:350,31,0,0
BRDA:350,31,1,0
BRDA:375,32,0,0
BRDA:375,32,1,0
BRDA:426,33,0,0
BRDA:427,34,0,0
BRDA:427,34,1,0
BRDA:529,35,0,0
BRDA:529,35,1,0
BRDA:585,36,0,0
BRDA:585,36,1,0
BRDA:663,37,0,0
BRDA:663,37,1,0
BRDA:777,38,0,0
BRDA:777,38,1,0
BRDA:833,39,0,0
BRDA:833,39,1,0
BRDA:1037,40,0,0
BRDA:1037,40,1,0
BRDA:1037,41,0,0
BRDA:1037,41,1,0
BRDA:1039,42,0,0
BRDA:1039,42,1,0
BRDA:1039,43,0,0
BRDA:1039,43,1,0
BRF:75
BRH:0
end_of_record
TN:
SF:src/util.ts
FN:11,getType
FN:28,requestAnimationFrameCustom
FN:31,(anonymous_3)
FN:43,cancelAnimationFrameCustom
FN:46,(anonymous_5)
FN:55,addGlobalStyle
FN:66,removeElement
FN:75,dispatchEvent
FN:82,decLen
FN:86,reint
FN:96,add
FN:108,subtract
FN:121,multiply
FN:132,divide
FN:142,getRandomArrayList
FN:143,(anonymous_16)
FNF:16
FNH:10
FNDA:6,getType
FNDA:0,requestAnimationFrameCustom
FNDA:0,(anonymous_3)
FNDA:0,cancelAnimationFrameCustom
FNDA:0,(anonymous_5)
FNDA:0,addGlobalStyle
FNDA:1,removeElement
FNDA:0,dispatchEvent
FNDA:8,decLen
FNDA:4,reint
FNDA:1,add
FNDA:1,subtract
FNDA:1,multiply
FNDA:1,divide
FNDA:1,getRandomArrayList
FNDA:256,(anonymous_16)
DA:1,1
DA:2,1
DA:4,4
DA:12,6
DA:13,6
DA:14,4
DA:17,2
DA:30,0
DA:32,0
DA:35,0
DA:45,0
DA:47,0
DA:49,0
DA:56,0
DA:57,0
DA:58,0
DA:59,0
DA:67,1
DA:68,1
DA:76,0
DA:77,0
DA:79,0
DA:83,8
DA:87,4
DA:97,1
DA:98,1
DA:99,1
DA:109,1
DA:110,1
DA:111,1
DA:112,1
DA:122,1
DA:123,1
DA:133,1
DA:134,1
DA:142,1
DA:143,256
DA:144,1
DA:145,255
DA:146,255
DA:147,255
DA:148,255
DA:151,1
DA:155,1
DA:156,1
DA:157,1
DA:158,1
DA:159,1
DA:160,1
DA:161,1
DA:162,1
DA:163,1
DA:164,1
DA:165,1
LF:54
LH:41
BRDA:13,0,0,4
BRDA:30,1,0,0
BRDA:30,1,1,0
BRDA:45,2,0,0
BRDA:45,2,1,0
BRDA:68,3,0,0
BRDA:68,3,1,1
BRDA:68,4,0,1
BRDA:68,4,1,1
BRDA:79,5,0,0
BRDA:79,5,1,0
BRDA:79,6,0,0
BRDA:79,6,1,0
BRDA:79,7,0,0
BRDA:79,7,1,0
BRDA:79,8,0,0
BRDA:79,8,1,0
BRDA:83,9,0,7
BRDA:83,9,1,1
BRDA:83,10,0,8
BRDA:83,10,1,8
BRDA:83,11,0,1
BRDA:83,11,1,7
BRDA:83,12,0,8
BRDA:83,12,1,8
BRDA:142,13,0,0
BRF:26
BRH:12
end_of_record
